13:44:41: Creating resource group General
13:44:41: Creating resource group Internal
13:44:41: Creating resource group Autodetect
13:44:41: SceneManagerFactory for type 'DefaultSceneManager' registered.
13:44:41: Registering ResourceManager for type Material
13:44:41: Registering ResourceManager for type Mesh
13:44:41: Registering ResourceManager for type Skeleton
13:44:41: MovableObjectFactory for type 'ParticleSystem' registered.
13:44:41: OverlayElementFactory for type Panel registered.
13:44:41: OverlayElementFactory for type BorderPanel registered.
13:44:41: OverlayElementFactory for type TextArea registered.
13:44:41: Registering ResourceManager for type Font
13:44:41: ArchiveFactory for archive type FileSystem registered.
13:44:41: ArchiveFactory for archive type Zip registered.
13:44:41: DDS codec registering
13:44:41: FreeImage version: 3.13.1
13:44:41: This program uses FreeImage, a free, open source image library supporting all common bitmap formats. See http://freeimage.sourceforge.net for details
13:44:41: Supported formats: bmp,ico,jpg,jif,jpeg,jpe,jng,koa,iff,lbm,mng,pbm,pbm,pcd,pcx,pgm,pgm,png,ppm,ppm,ras,tga,targa,tif,tiff,wap,wbmp,wbm,psd,cut,xbm,xpm,gif,hdr,g3,sgi,exr,j2k,j2c,jp2,pfm,pct,pict,pic,bay,bmq,cr2,crw,cs1,dc2,dcr,dng,erf,fff,hdr,k25,kdc,mdc,mos,mrw,nef,orf,pef,pxn,raf,raw,rdc,sr2,srf,arw,3fr,cine,ia,kc2,mef,nrw,qtk,rw2,sti,drf,dsc,ptx,cap,iiq,rwz
13:44:41: PVRTC codec registering
13:44:41: Registering ResourceManager for type HighLevelGpuProgram
13:44:41: Registering ResourceManager for type Compositor
13:44:41: MovableObjectFactory for type 'Entity' registered.
13:44:41: MovableObjectFactory for type 'Light' registered.
13:44:41: MovableObjectFactory for type 'BillboardSet' registered.
13:44:41: MovableObjectFactory for type 'ManualObject' registered.
13:44:41: MovableObjectFactory for type 'BillboardChain' registered.
13:44:41: MovableObjectFactory for type 'RibbonTrail' registered.
13:44:41: Loading library .\RenderSystem_Direct3D9_d
13:44:41: Installing plugin: D3D9 RenderSystem
13:44:41: D3D9 : Direct3D9 Rendering Subsystem created.
13:44:41: D3D9: Driver Detection Starts
13:44:41: D3D9: Driver Detection Ends
13:44:41: Plugin successfully installed
13:44:41: Loading library .\Plugin_ParticleFX_d
13:44:41: Installing plugin: ParticleFX
13:44:41: Particle Emitter Type 'Point' registered
13:44:41: Particle Emitter Type 'Box' registered
13:44:41: Particle Emitter Type 'Ellipsoid' registered
13:44:41: Particle Emitter Type 'Cylinder' registered
13:44:41: Particle Emitter Type 'Ring' registered
13:44:41: Particle Emitter Type 'HollowEllipsoid' registered
13:44:41: Particle Affector Type 'LinearForce' registered
13:44:41: Particle Affector Type 'ColourFader' registered
13:44:41: Particle Affector Type 'ColourFader2' registered
13:44:41: Particle Affector Type 'ColourImage' registered
13:44:41: Particle Affector Type 'ColourInterpolator' registered
13:44:41: Particle Affector Type 'Scaler' registered
13:44:41: Particle Affector Type 'Rotator' registered
13:44:41: Particle Affector Type 'DirectionRandomiser' registered
13:44:41: Particle Affector Type 'DeflectorPlane' registered
13:44:41: Plugin successfully installed
13:44:41: Loading library .\Plugin_OctreeSceneManager_d
13:44:42: Installing plugin: Octree & Terrain Scene Manager
13:44:42: Plugin successfully installed
13:44:42: Loading library .\Plugin_CgProgramManager_d
13:44:42: Installing plugin: Cg Program Manager
13:44:42: Plugin successfully installed
13:44:42: *-*-* OGRE Initialising
13:44:42: *-*-* Version 1.7.1 (Cthugha)
13:44:42: CPU Identifier & Features
13:44:42: -------------------------
13:44:42:  *   CPU ID: GenuineIntel: Intel(R) Core(TM)2 Quad  CPU   Q9300  @ 2.50GHz
13:44:42:  *      SSE: yes
13:44:42:  *     SSE2: yes
13:44:42:  *     SSE3: yes
13:44:42:  *      MMX: yes
13:44:42:  *   MMXEXT: yes
13:44:42:  *    3DNOW: no
13:44:42:  * 3DNOWEXT: no
13:44:42:  *     CMOV: yes
13:44:42:  *      TSC: yes
13:44:42:  *      FPU: yes
13:44:42:  *      PRO: yes
13:44:42:  *       HT: no
13:44:42: -------------------------
13:44:42: D3D9 : Subsystem Initialising
13:44:42: Registering ResourceManager for type Texture
13:44:42: Registering ResourceManager for type GpuProgram
13:44:42: ***************************************
13:44:42: *** D3D9 : Subsystem Initialised OK ***
13:44:42: ***************************************
13:44:42: D3D9RenderSystem::_createRenderWindow "SpaceStation3D", 1024x768 windowed  miscParams: FSAA=16 vsync=True 
13:44:42: D3D9 : Created D3D9 Rendering Window 'SpaceStation3D' : 1024x768, 32bpp
13:44:42: D3D9: Vertex texture format supported - PF_A8R8G8B8
13:44:42: D3D9: Vertex texture format supported - PF_B8G8R8A8
13:44:42: D3D9: Vertex texture format supported - PF_FLOAT16_RGB
13:44:42: D3D9: Vertex texture format supported - PF_FLOAT16_RGBA
13:44:42: D3D9: Vertex texture format supported - PF_FLOAT32_RGB
13:44:42: D3D9: Vertex texture format supported - PF_FLOAT32_RGBA
13:44:42: D3D9: Vertex texture format supported - PF_R8G8B8A8
13:44:42: D3D9: Vertex texture format supported - PF_DEPTH
13:44:42: D3D9: Vertex texture format supported - PF_FLOAT16_R
13:44:42: D3D9: Vertex texture format supported - PF_FLOAT32_R
13:44:42: D3D9: Vertex texture format supported - PF_FLOAT16_GR
13:44:42: D3D9: Vertex texture format supported - PF_FLOAT32_GR
13:44:42: D3D9: Vertex texture format supported - PF_PVRTC_RGB2
13:44:42: D3D9: Vertex texture format supported - PF_PVRTC_RGBA2
13:44:42: D3D9: Vertex texture format supported - PF_PVRTC_RGB4
13:44:42: D3D9: Vertex texture format supported - PF_PVRTC_RGBA4
13:44:42: RenderSystem capabilities
13:44:42: -------------------------
13:44:42: RenderSystem Name: Direct3D9 Rendering Subsystem
13:44:42: GPU Vendor: nvidia
13:44:42: Device Name: Monitor-1-NVIDIA GeForce GTX 470
13:44:42: Driver Version: 8.17.12.6099
13:44:42:  * Fixed function pipeline: yes
13:44:42:  * Hardware generation of mipmaps: yes
13:44:42:  * Texture blending: yes
13:44:42:  * Anisotropic texture filtering: yes
13:44:42:  * Dot product texture operation: yes
13:44:42:  * Cube mapping: yes
13:44:42:  * Hardware stencil buffer: yes
13:44:42:    - Stencil depth: 8
13:44:42:    - Two sided stencil support: yes
13:44:42:    - Wrap stencil values: yes
13:44:42:  * Hardware vertex / index buffers: yes
13:44:42:  * Vertex programs: yes
13:44:42:  * Number of floating-point constants for vertex programs: 256
13:44:42:  * Number of integer constants for vertex programs: 16
13:44:42:  * Number of boolean constants for vertex programs: 16
13:44:42:  * Fragment programs: yes
13:44:42:  * Number of floating-point constants for fragment programs: 224
13:44:42:  * Number of integer constants for fragment programs: 16
13:44:42:  * Number of boolean constants for fragment programs: 16
13:44:42:  * Geometry programs: no
13:44:42:  * Number of floating-point constants for geometry programs: 0
13:44:42:  * Number of integer constants for geometry programs: 0
13:44:42:  * Number of boolean constants for geometry programs: 0
13:44:42:  * Supported Shader Profiles: hlsl ps_1_1 ps_1_2 ps_1_3 ps_1_4 ps_2_0 ps_2_a ps_2_b ps_2_x ps_3_0 vs_1_1 vs_2_0 vs_2_a vs_2_x vs_3_0
13:44:42:  * Texture Compression: yes
13:44:42:    - DXT: yes
13:44:42:    - VTC: no
13:44:42:    - PVRTC: no
13:44:42:  * Scissor Rectangle: yes
13:44:42:  * Hardware Occlusion Query: yes
13:44:42:  * User clip planes: yes
13:44:42:  * VET_UBYTE4 vertex element type: yes
13:44:42:  * Infinite far plane projection: yes
13:44:42:  * Hardware render-to-texture: yes
13:44:42:  * Floating point textures: yes
13:44:42:  * Non-power-of-two textures: yes
13:44:42:  * Volume textures: yes
13:44:42:  * Multiple Render Targets: 4
13:44:42:    - With different bit depths: yes
13:44:42:  * Point Sprites: yes
13:44:42:  * Extended point parameters: yes
13:44:42:  * Max Point Size: 10
13:44:42:  * Vertex texture fetch: yes
13:44:42:  * Number of world matrices: 0
13:44:42:  * Number of texture units: 8
13:44:42:  * Stencil buffer depth: 8
13:44:42:  * Number of vertex blend matrices: 0
13:44:42:    - Max vertex textures: 4
13:44:42:    - Vertex textures shared: no
13:44:42:  * Render to Vertex Buffer : no
13:44:42:  * DirectX per stage constants: yes
13:44:42: DefaultWorkQueue('Root') initialising on thread main.
13:44:42: Particle Renderer Type 'billboard' registered
13:44:43: SceneManagerFactory for type 'OctreeSceneManager' registered.
13:44:43: SceneManagerFactory for type 'TerrainSceneManager' registered.
13:44:43: Creating resource group Default
13:44:43: Added resource location '../../../../Media/GUI/' of type 'FileSystem' to resource group 'Default'
13:44:43: Added resource location '../../../../Media/Cursor/' of type 'FileSystem' to resource group 'Default'
13:44:43: Added resource location '../../../../Media/Fonts/' of type 'FileSystem' to resource group 'Default'
13:44:43: Added resource location '../../../../Media/OgreCore.zip' of type 'Zip' to resource group 'Default'
13:44:43: Added resource location '../../../../Media/textures/' of type 'FileSystem' to resource group 'Default'
13:44:43: Added resource location '../../../../Media/materials/' of type 'FileSystem' to resource group 'Default'
13:44:43: Added resource location '../../../../Media/models/' of type 'FileSystem' to resource group 'Default'
13:44:43: Added resource location '../../../../Media/overlays/' of type 'FileSystem' to resource group 'Default'
13:44:43: Added resource location '../../../../Media/shaders/' of type 'FileSystem' to resource group 'Default'
13:44:43: Initialising resource group Default
13:44:43: Parsing scripts for resource group Default
13:44:43: Parsing script OgreCore.material
13:44:43: Parsing script OgreProfiler.material
13:44:43: Parsing script 00diffuse.material
13:44:43: Parsing script FloorTexture.material
13:44:43: Parsing script Lobby.material
13:44:43: Parsing script Mainmenu.material
13:44:43: Parsing script Ogre.material
13:44:43: Parsing script player.material
13:44:43: Parsing script Pointer.material
13:44:43: Parsing script SkyBox.material
13:44:43: Parsing script SpaceTexture.material
13:44:43: Parsing script UserInterface.material
13:44:43: Parsing script WallTexture.material
13:44:43: Parsing script 00ambient.material
13:44:43: Parsing script 00diffuse.material
13:44:43: Parsing script shadow_caster.material
13:44:43: Parsing script Ogre.fontdef
13:44:43: Parsing script Ogre.fontdef
13:44:43: Parsing script OgreDebugPanel.overlay
13:44:43: Texture: New_Ogre_Border_Center.png: Loading 1 faces(PF_A8R8G8B8,256x128x1) with  hardware generated mipmaps from Image. Internal format is PF_A8R8G8B8,256x128x1.
13:44:43: Texture: New_Ogre_Border.png: Loading 1 faces(PF_A8R8G8B8,256x256x1) with  hardware generated mipmaps from Image. Internal format is PF_A8R8G8B8,256x256x1.
13:44:43: Texture: New_Ogre_Border_Break.png: Loading 1 faces(PF_A8R8G8B8,32x32x1) with  hardware generated mipmaps from Image. Internal format is PF_A8R8G8B8,32x32x1.
13:44:44: Texture: ogretext.png: Loading 1 faces(PF_A8R8G8B8,256x128x1) with  hardware generated mipmaps from Image. Internal format is PF_A8R8G8B8,256x128x1.
13:44:44: Parsing script OgreLoadingPanel.overlay
13:44:44: Parsing script Lobby.overlay
13:44:44: Texture: LobbyBackground.jpg: Loading 1 faces(PF_R8G8B8,1280x812x1) with 8 generated mipmaps from Image. Internal format is PF_X8R8G8B8,1280x812x1.
13:44:44: Parsing script Mainmenu.overlay
13:44:45: Texture: MainBackground.jpg: Loading 1 faces(PF_R8G8B8,2037x1423x1) with 8 generated mipmaps from Image. Internal format is PF_X8R8G8B8,2037x1423x1.
13:44:46: Parsing script pointer.overlay
13:44:46: Texture: pointer.png: Loading 1 faces(PF_A8R8G8B8,61x50x1) with 5 generated mipmaps from Image. Internal format is PF_A8R8G8B8,61x50x1.
13:44:46: Finished parsing scripts for resource group Default
13:44:46: Loading resource group 'Default' - Resources: 1 World Geometry: 1
13:44:46: Texture: axes.png: Loading 1 faces(PF_R8G8B8,256x256x1) with  hardware generated mipmaps from Image. Internal format is PF_X8R8G8B8,256x256x1.
13:44:46: Texture: ProfileCurrentBar.png: Loading 1 faces(PF_A8R8G8B8,256x256x1) with  hardware generated mipmaps from Image. Internal format is PF_A8R8G8B8,256x256x1.
13:44:46: Texture: ProfileAvgBar.png: Loading 1 faces(PF_A8R8G8B8,256x256x1) with  hardware generated mipmaps from Image. Internal format is PF_A8R8G8B8,256x256x1.
13:44:46: Texture: ProfileMinBar.png: Loading 1 faces(PF_A8R8G8B8,256x256x1) with  hardware generated mipmaps from Image. Internal format is PF_A8R8G8B8,256x256x1.
13:44:46: Texture: ProfileMaxBar.png: Loading 1 faces(PF_A8R8G8B8,256x256x1) with  hardware generated mipmaps from Image. Internal format is PF_A8R8G8B8,256x256x1.
13:44:46: Texture: FloorTexture.png: Loading 1 faces(PF_R8G8B8,32x32x1) with  hardware generated mipmaps from Image. Internal format is PF_X8R8G8B8,32x32x1.
13:44:46: Texture: spheremap.png: Loading 1 faces(PF_R8G8B8,256x256x1) with  hardware generated mipmaps from Image. Internal format is PF_X8R8G8B8,256x256x1.
13:44:46: Texture: GreenSkin.jpg: Loading 1 faces(PF_R8G8B8,256x256x1) with  hardware generated mipmaps from Image. Internal format is PF_X8R8G8B8,256x256x1.
13:44:46: Texture: tusk.jpg: Loading 1 faces(PF_R8G8B8,96x96x1) with 6 generated mipmaps from Image. Internal format is PF_X8R8G8B8,96x96x1.
13:44:46: Texture: face.bmp: Loading 1 faces(PF_R8G8B8,1024x512x1) with  hardware generated mipmaps from Image. Internal format is PF_X8R8G8B8,1024x512x1.
13:44:47: Texture: body.bmp: Loading 1 faces(PF_R8G8B8,1024x512x1) with  hardware generated mipmaps from Image. Internal format is PF_X8R8G8B8,1024x512x1.
13:44:47: Texture: feet.bmp: Loading 1 faces(PF_R8G8B8,1024x512x1) with  hardware generated mipmaps from Image. Internal format is PF_X8R8G8B8,1024x512x1.
13:44:47: Texture: arms.bmp: Loading 1 faces(PF_R8G8B8,1024x512x1) with  hardware generated mipmaps from Image. Internal format is PF_X8R8G8B8,1024x512x1.
13:44:47: Texture: pointerdown.png: Loading 1 faces(PF_A8R8G8B8,61x50x1) with 5 generated mipmaps from Image. Internal format is PF_A8R8G8B8,61x50x1.
13:44:47: Texture: Skybox\front.png: Loading 1 faces(PF_R8G8B8,2048x2048x1) with  hardware generated mipmaps from Image. Internal format is PF_X8R8G8B8,2048x2048x1.
13:44:48: Texture: Skybox\back.png: Loading 1 faces(PF_R8G8B8,2048x2048x1) with  hardware generated mipmaps from Image. Internal format is PF_X8R8G8B8,2048x2048x1.
13:44:48: Texture: Skybox\left.png: Loading 1 faces(PF_R8G8B8,2048x2048x1) with  hardware generated mipmaps from Image. Internal format is PF_X8R8G8B8,2048x2048x1.
13:44:49: Texture: Skybox\right.png: Loading 1 faces(PF_R8G8B8,2048x2048x1) with  hardware generated mipmaps from Image. Internal format is PF_X8R8G8B8,2048x2048x1.
13:44:49: Texture: Skybox\top.png: Loading 1 faces(PF_R8G8B8,2048x2048x1) with  hardware generated mipmaps from Image. Internal format is PF_X8R8G8B8,2048x2048x1.
13:44:50: Texture: Skybox\bottom.png: Loading 1 faces(PF_R8G8B8,2048x2048x1) with  hardware generated mipmaps from Image. Internal format is PF_X8R8G8B8,2048x2048x1.
13:44:50: Texture: button0.png: Loading 1 faces(PF_A8R8G8B8,158x32x1) with 7 generated mipmaps from Image. Internal format is PF_A8R8G8B8,158x32x1.
13:44:50: Texture: button1.png: Loading 1 faces(PF_A8R8G8B8,158x32x1) with 7 generated mipmaps from Image. Internal format is PF_A8R8G8B8,158x32x1.
13:44:50: Texture: check0.png: Loading 1 faces(PF_A8R8G8B8,28x28x1) with 4 generated mipmaps from Image. Internal format is PF_A8R8G8B8,28x28x1.
13:44:50: Texture: check1.png: Loading 1 faces(PF_A8R8G8B8,28x28x1) with 4 generated mipmaps from Image. Internal format is PF_A8R8G8B8,28x28x1.
13:44:50: Texture: textbox.png: Loading 1 faces(PF_A8R8G8B8,240x40x1) with 7 generated mipmaps from Image. Internal format is PF_A8R8G8B8,240x40x1.
13:44:50: Texture: textbox_focus.png: Loading 1 faces(PF_A8R8G8B8,240x40x1) with 7 generated mipmaps from Image. Internal format is PF_A8R8G8B8,240x40x1.
13:44:50: Texture: dropelement_main.png: Loading 1 faces(PF_A8R8G8B8,240x32x1) with 7 generated mipmaps from Image. Internal format is PF_A8R8G8B8,240x32x1.
13:44:50: Texture: dropelement_main_open.png: Loading 1 faces(PF_A8R8G8B8,240x32x1) with 7 generated mipmaps from Image. Internal format is PF_A8R8G8B8,240x32x1.
13:44:50: Texture: dropelement_first.png: Loading 1 faces(PF_A8R8G8B8,240x32x1) with 7 generated mipmaps from Image. Internal format is PF_A8R8G8B8,240x32x1.
13:44:50: Texture: dropelement_middle.png: Loading 1 faces(PF_A8R8G8B8,240x32x1) with 7 generated mipmaps from Image. Internal format is PF_A8R8G8B8,240x32x1.
13:44:50: Texture: dropelement_last.png: Loading 1 faces(PF_A8R8G8B8,240x32x1) with 7 generated mipmaps from Image. Internal format is PF_A8R8G8B8,240x32x1.
13:44:50: Texture: WallTexture.png: Loading 1 faces(PF_R8G8B8,32x32x1) with  hardware generated mipmaps from Image. Internal format is PF_X8R8G8B8,32x32x1.
13:44:50: Font BlueHighwayusing texture size 512x512
13:44:50: Info: Freetype returned null for character 127 in font BlueHighway
13:44:50: Info: Freetype returned null for character 128 in font BlueHighway
13:44:50: Info: Freetype returned null for character 129 in font BlueHighway
13:44:50: Info: Freetype returned null for character 130 in font BlueHighway
13:44:50: Info: Freetype returned null for character 131 in font BlueHighway
13:44:50: Info: Freetype returned null for character 132 in font BlueHighway
13:44:50: Info: Freetype returned null for character 133 in font BlueHighway
13:44:50: Info: Freetype returned null for character 134 in font BlueHighway
13:44:50: Info: Freetype returned null for character 135 in font BlueHighway
13:44:50: Info: Freetype returned null for character 136 in font BlueHighway
13:44:50: Info: Freetype returned null for character 137 in font BlueHighway
13:44:50: Info: Freetype returned null for character 138 in font BlueHighway
13:44:50: Info: Freetype returned null for character 139 in font BlueHighway
13:44:50: Info: Freetype returned null for character 140 in font BlueHighway
13:44:50: Info: Freetype returned null for character 141 in font BlueHighway
13:44:50: Info: Freetype returned null for character 142 in font BlueHighway
13:44:50: Info: Freetype returned null for character 143 in font BlueHighway
13:44:50: Info: Freetype returned null for character 144 in font BlueHighway
13:44:50: Info: Freetype returned null for character 145 in font BlueHighway
13:44:50: Info: Freetype returned null for character 146 in font BlueHighway
13:44:50: Info: Freetype returned null for character 147 in font BlueHighway
13:44:50: Info: Freetype returned null for character 148 in font BlueHighway
13:44:50: Info: Freetype returned null for character 149 in font BlueHighway
13:44:50: Info: Freetype returned null for character 150 in font BlueHighway
13:44:50: Info: Freetype returned null for character 151 in font BlueHighway
13:44:50: Info: Freetype returned null for character 152 in font BlueHighway
13:44:50: Info: Freetype returned null for character 153 in font BlueHighway
13:44:50: Info: Freetype returned null for character 154 in font BlueHighway
13:44:50: Info: Freetype returned null for character 155 in font BlueHighway
13:44:50: Info: Freetype returned null for character 156 in font BlueHighway
13:44:50: Info: Freetype returned null for character 157 in font BlueHighway
13:44:50: Info: Freetype returned null for character 158 in font BlueHighway
13:44:50: Info: Freetype returned null for character 159 in font BlueHighway
13:44:50: Info: Freetype returned null for character 160 in font BlueHighway
13:44:50: Texture: BlueHighwayTexture: Loading 1 faces(PF_BYTE_LA,512x512x1) with 0 generated mipmaps from Image. Internal format is PF_BYTE_LA,512x512x1.
13:44:50: Font BlueHighwayusing texture size 512x512
13:44:50: Info: Freetype returned null for character 127 in font BlueHighway
13:44:50: Info: Freetype returned null for character 128 in font BlueHighway
13:44:50: Info: Freetype returned null for character 129 in font BlueHighway
13:44:50: Info: Freetype returned null for character 130 in font BlueHighway
13:44:50: Info: Freetype returned null for character 131 in font BlueHighway
13:44:50: Info: Freetype returned null for character 132 in font BlueHighway
13:44:50: Info: Freetype returned null for character 133 in font BlueHighway
13:44:51: Info: Freetype returned null for character 134 in font BlueHighway
13:44:51: Info: Freetype returned null for character 135 in font BlueHighway
13:44:51: Info: Freetype returned null for character 136 in font BlueHighway
13:44:51: Info: Freetype returned null for character 137 in font BlueHighway
13:44:51: Info: Freetype returned null for character 138 in font BlueHighway
13:44:51: Info: Freetype returned null for character 139 in font BlueHighway
13:44:51: Info: Freetype returned null for character 140 in font BlueHighway
13:44:51: Info: Freetype returned null for character 141 in font BlueHighway
13:44:51: Info: Freetype returned null for character 142 in font BlueHighway
13:44:51: Info: Freetype returned null for character 143 in font BlueHighway
13:44:51: Info: Freetype returned null for character 144 in font BlueHighway
13:44:51: Info: Freetype returned null for character 145 in font BlueHighway
13:44:51: Info: Freetype returned null for character 146 in font BlueHighway
13:44:51: Info: Freetype returned null for character 147 in font BlueHighway
13:44:51: Info: Freetype returned null for character 148 in font BlueHighway
13:44:51: Info: Freetype returned null for character 149 in font BlueHighway
13:44:51: Info: Freetype returned null for character 150 in font BlueHighway
13:44:51: Info: Freetype returned null for character 151 in font BlueHighway
13:44:51: Info: Freetype returned null for character 152 in font BlueHighway
13:44:51: Info: Freetype returned null for character 153 in font BlueHighway
13:44:51: Info: Freetype returned null for character 154 in font BlueHighway
13:44:51: Info: Freetype returned null for character 155 in font BlueHighway
13:44:51: Info: Freetype returned null for character 156 in font BlueHighway
13:44:51: Info: Freetype returned null for character 157 in font BlueHighway
13:44:51: Info: Freetype returned null for character 158 in font BlueHighway
13:44:51: Info: Freetype returned null for character 159 in font BlueHighway
13:44:51: Info: Freetype returned null for character 160 in font BlueHighway
13:44:51: Texture: BlueHighwayTexture: Loading 1 faces(PF_BYTE_LA,512x512x1) with 0 generated mipmaps from Image. Internal format is PF_BYTE_LA,512x512x1.
13:44:51: Finished loading resource group Default
13:44:53: Texture: bluehigh.png: Loading 1 faces(PF_A8R8G8B8,256x128x1) with  hardware generated mipmaps from Image. Internal format is PF_A8R8G8B8,256x128x1.
13:44:53: Managers loaded successfully.
13:44:55: Texture: MainBackground.png: Loading 1 faces(PF_A8R8G8B8,2037x1423x1) with 8 generated mipmaps from Image. Internal format is PF_A8R8G8B8,2037x1423x1.
13:44:56: Texture: Button.png: Loading 1 faces(PF_A8R8G8B8,361x137x1) with 8 generated mipmaps from Image. Internal format is PF_A8R8G8B8,361x137x1.
13:44:56: Texture: Cursor.png: Loading 1 faces(PF_A8R8G8B8,256x32x1) with  hardware generated mipmaps from Image. Internal format is PF_A8R8G8B8,256x32x1.
13:44:57: Texture: Button.MouseEnterGreen.png: Loading 1 faces(PF_A8R8G8B8,361x137x1) with 8 generated mipmaps from Image. Internal format is PF_A8R8G8B8,361x137x1.
13:44:58: Texture: PassportOverlay.png: Loading 1 faces(PF_A8R8G8B8,1387x1239x1) with 8 generated mipmaps from Image. Internal format is PF_A8R8G8B8,1387x1239x1.
13:44:58: Texture: TicketOverlay.png: Loading 1 faces(PF_A8R8G8B8,1185x570x1) with 8 generated mipmaps from Image. Internal format is PF_A8R8G8B8,1185x570x1.
13:44:59: Texture: CheckBox.png: Loading 1 faces(PF_A8R8G8B8,32x32x1) with  hardware generated mipmaps from Image. Internal format is PF_A8R8G8B8,32x32x1.
13:44:59: Texture: DropDownListRed.VScrollBar.Thumb.Border.png: Loading 1 faces(PF_A8R8G8B8,32x32x1) with  hardware generated mipmaps from Image. Internal format is PF_A8R8G8B8,32x32x1.
13:44:59: Texture: DropDownListRed.png: Loading 1 faces(PF_A8R8G8B8,150x23x1) with 7 generated mipmaps from Image. Internal format is PF_A8R8G8B8,150x23x1.
13:44:59: Texture: Panel.png: Loading 1 faces(PF_A8R8G8B8,512x512x1) with  hardware generated mipmaps from Image. Internal format is PF_A8R8G8B8,512x512x1.
13:44:59: Texture: ButtonStandard.png: Loading 1 faces(PF_A8R8G8B8,128x32x1) with  hardware generated mipmaps from Image. Internal format is PF_A8R8G8B8,128x32x1.
13:45:00: Texture: Button.MouseEnterLogo.png: Loading 1 faces(PF_A8R8G8B8,361x137x1) with 8 generated mipmaps from Image. Internal format is PF_A8R8G8B8,361x137x1.
13:45:06: Texture: DropDownListRed.List.png: Loading 1 faces(PF_A8R8G8B8,150x320x1) with 8 generated mipmaps from Image. Internal format is PF_A8R8G8B8,150x320x1.
13:45:06: Texture: DropDownListRed.VScrollBar.png: Loading 1 faces(PF_A8R8G8B8,21x138x1) with 7 generated mipmaps from Image. Internal format is PF_A8R8G8B8,21x138x1.
13:45:06: Texture: DropDownListRed.VScrollBar.Thumb.png: Loading 1 faces(PF_A8R8G8B8,32x32x1) with  hardware generated mipmaps from Image. Internal format is PF_A8R8G8B8,32x32x1.
13:45:08: DefaultWorkQueue('Root') shutting down on thread main.
13:45:08: *-*-* OGRE Shutdown
13:45:08: Unregistering ResourceManager for type Compositor
13:45:08: Unregistering ResourceManager for type Font
13:45:08: Unregistering ResourceManager for type Skeleton
13:45:08: Unregistering ResourceManager for type Mesh
13:45:08: Unregistering ResourceManager for type HighLevelGpuProgram
13:45:08: Uninstalling plugin: Cg Program Manager
13:45:08: Plugin successfully uninstalled
13:45:08: Unloading library .\Plugin_CgProgramManager_d
13:45:08: Uninstalling plugin: Octree & Terrain Scene Manager
13:45:08: Plugin successfully uninstalled
13:45:08: Unloading library .\Plugin_OctreeSceneManager_d
13:45:08: Uninstalling plugin: ParticleFX
13:45:08: Plugin successfully uninstalled
13:45:08: Unloading library .\Plugin_ParticleFX_d
13:45:08: Uninstalling plugin: D3D9 RenderSystem
13:45:08: D3D9 : Shutting down cleanly.
13:45:08: Unregistering ResourceManager for type Texture
13:45:08: Unregistering ResourceManager for type GpuProgram
13:45:08: D3D9 : Direct3D9 Rendering Subsystem destroyed.
13:45:08: Plugin successfully uninstalled
13:45:08: Unloading library .\RenderSystem_Direct3D9_d
13:45:08: Unregistering ResourceManager for type Material
