10:51:27: Creating resource group General
10:51:27: Creating resource group Internal
10:51:27: Creating resource group Autodetect
10:51:27: SceneManagerFactory for type 'DefaultSceneManager' registered.
10:51:27: Registering ResourceManager for type Material
10:51:27: Registering ResourceManager for type Mesh
10:51:27: Registering ResourceManager for type Skeleton
10:51:27: MovableObjectFactory for type 'ParticleSystem' registered.
10:51:27: OverlayElementFactory for type Panel registered.
10:51:27: OverlayElementFactory for type BorderPanel registered.
10:51:27: OverlayElementFactory for type TextArea registered.
10:51:27: Registering ResourceManager for type Font
10:51:27: ArchiveFactory for archive type FileSystem registered.
10:51:27: ArchiveFactory for archive type Zip registered.
10:51:27: DDS codec registering
10:51:27: FreeImage version: 3.13.1
10:51:27: This program uses FreeImage, a free, open source image library supporting all common bitmap formats. See http://freeimage.sourceforge.net for details
10:51:27: Supported formats: bmp,ico,jpg,jif,jpeg,jpe,jng,koa,iff,lbm,mng,pbm,pbm,pcd,pcx,pgm,pgm,png,ppm,ppm,ras,tga,targa,tif,tiff,wap,wbmp,wbm,psd,cut,xbm,xpm,gif,hdr,g3,sgi,exr,j2k,j2c,jp2,pfm,pct,pict,pic,bay,bmq,cr2,crw,cs1,dc2,dcr,dng,erf,fff,hdr,k25,kdc,mdc,mos,mrw,nef,orf,pef,pxn,raf,raw,rdc,sr2,srf,arw,3fr,cine,ia,kc2,mef,nrw,qtk,rw2,sti,drf,dsc,ptx,cap,iiq,rwz
10:51:27: PVRTC codec registering
10:51:27: Registering ResourceManager for type HighLevelGpuProgram
10:51:27: Registering ResourceManager for type Compositor
10:51:27: MovableObjectFactory for type 'Entity' registered.
10:51:27: MovableObjectFactory for type 'Light' registered.
10:51:27: MovableObjectFactory for type 'BillboardSet' registered.
10:51:27: MovableObjectFactory for type 'ManualObject' registered.
10:51:27: MovableObjectFactory for type 'BillboardChain' registered.
10:51:27: MovableObjectFactory for type 'RibbonTrail' registered.
10:51:27: *-*-* OGRE Initialising
10:51:27: *-*-* Version 1.7.1 (Cthugha)
10:51:27: Loading library RenderSystem_Direct3D9
