21:37:25: Creating resource group General
21:37:25: Creating resource group Internal
21:37:25: Creating resource group Autodetect
21:37:25: Registering ResourceManager for type Mesh
21:37:25: Registering ResourceManager for type Material
21:37:25: Registering ResourceManager for type Skeleton
21:37:25: XMLSkeletonSerializer writing  skeleton data to C:\Users\William Schaller\Documents\Visual Studio 2010\Projects\mspriterenderer\MSpriteRenderer\Media\ss13models\player\Base_norig_02Player.skeleton.xml...
21:37:25: Populating DOM...
21:37:25: Exporting bones..
21:37:25: There are 59 bones.
21:37:25:    Exporting Bone number 0
21:37:25:    Exporting Bone number 1
21:37:25:    Exporting Bone number 2
21:37:25:    Exporting Bone number 3
21:37:25:    Exporting Bone number 4
21:37:25:    Exporting Bone number 5
21:37:25:    Exporting Bone number 6
21:37:25:    Exporting Bone number 7
21:37:25:    Exporting Bone number 8
21:37:25:    Exporting Bone number 9
21:37:25:    Exporting Bone number 10
21:37:25:    Exporting Bone number 11
21:37:25:    Exporting Bone number 12
21:37:25:    Exporting Bone number 13
21:37:25:    Exporting Bone number 14
21:37:25:    Exporting Bone number 15
21:37:25:    Exporting Bone number 16
21:37:25:    Exporting Bone number 17
21:37:25:    Exporting Bone number 18
21:37:25:    Exporting Bone number 19
21:37:25:    Exporting Bone number 20
21:37:25:    Exporting Bone number 21
21:37:25:    Exporting Bone number 22
21:37:25:    Exporting Bone number 23
21:37:25:    Exporting Bone number 24
21:37:25:    Exporting Bone number 25
21:37:25:    Exporting Bone number 26
21:37:25:    Exporting Bone number 27
21:37:25:    Exporting Bone number 28
21:37:25:    Exporting Bone number 29
21:37:25:    Exporting Bone number 30
21:37:25:    Exporting Bone number 31
21:37:25:    Exporting Bone number 32
21:37:25:    Exporting Bone number 33
21:37:25:    Exporting Bone number 34
21:37:25:    Exporting Bone number 35
21:37:25:    Exporting Bone number 36
21:37:25:    Exporting Bone number 37
21:37:25:    Exporting Bone number 38
21:37:25:    Exporting Bone number 39
21:37:25:    Exporting Bone number 40
21:37:25:    Exporting Bone number 41
21:37:25:    Exporting Bone number 42
21:37:25:    Exporting Bone number 43
21:37:25:    Exporting Bone number 44
21:37:25:    Exporting Bone number 45
21:37:25:    Exporting Bone number 46
21:37:25:    Exporting Bone number 47
21:37:25:    Exporting Bone number 48
21:37:25:    Exporting Bone number 49
21:37:25:    Exporting Bone number 50
21:37:25:    Exporting Bone number 51
21:37:25:    Exporting Bone number 52
21:37:25:    Exporting Bone number 53
21:37:25:    Exporting Bone number 54
21:37:25:    Exporting Bone number 55
21:37:25:    Exporting Bone number 56
21:37:25:    Exporting Bone number 57
21:37:25:    Exporting Bone number 58
21:37:25: Bones exported.
21:37:25: Exporting animations, count=0
21:37:25: DOM populated, writing XML file..
21:37:25: XMLSkeletonSerializer export successful.
21:37:25: Unregistering ResourceManager for type Skeleton
21:37:25: Unregistering ResourceManager for type Material
21:37:25: Unregistering ResourceManager for type Mesh
