12:25:44: Creating resource group General
12:25:44: Creating resource group Internal
12:25:44: Creating resource group Autodetect
12:25:44: SceneManagerFactory for type 'DefaultSceneManager' registered.
12:25:44: Registering ResourceManager for type Material
12:25:44: Registering ResourceManager for type Mesh
12:25:44: Registering ResourceManager for type Skeleton
12:25:44: MovableObjectFactory for type 'ParticleSystem' registered.
12:25:44: OverlayElementFactory for type Panel registered.
12:25:44: OverlayElementFactory for type BorderPanel registered.
12:25:44: OverlayElementFactory for type TextArea registered.
12:25:44: Registering ResourceManager for type Font
12:25:44: ArchiveFactory for archive type FileSystem registered.
12:25:44: ArchiveFactory for archive type Zip registered.
12:25:44: DDS codec registering
12:25:44: FreeImage version: 3.15.1
12:25:44: This program uses FreeImage, a free, open source image library supporting all common bitmap formats. See http://freeimage.sourceforge.net for details
12:25:44: Supported formats: bmp,ico,jpg,jif,jpeg,jpe,jng,koa,iff,lbm,mng,pbm,pbm,pcd,pcx,pgm,pgm,png,ppm,ppm,ras,tga,targa,tif,tiff,wap,wbmp,wbm,psd,cut,xbm,xpm,gif,hdr,g3,sgi,exr,j2k,j2c,jp2,pfm,pct,pict,pic,3fr,arw,bay,bmq,cap,cine,cr2,crw,cs1,dc2,dcr,drf,dsc,dng,erf,fff,ia,iiq,k25,kc2,kdc,mdc,mef,mos,mrw,nef,nrw,orf,pef,ptx,pxn,qtk,raf,raw,rdc,rw2,rwl,rwz,sr2,srf,sti
12:25:44: PVRTC codec registering
12:25:44: Registering ResourceManager for type HighLevelGpuProgram
12:25:44: Registering ResourceManager for type Compositor
12:25:44: MovableObjectFactory for type 'Entity' registered.
12:25:44: MovableObjectFactory for type 'Light' registered.
12:25:44: MovableObjectFactory for type 'BillboardSet' registered.
12:25:44: MovableObjectFactory for type 'ManualObject' registered.
12:25:44: MovableObjectFactory for type 'BillboardChain' registered.
12:25:44: MovableObjectFactory for type 'RibbonTrail' registered.
12:25:44: Loading library .\RenderSystem_Direct3D9
12:25:44: Installing plugin: D3D9 RenderSystem
12:25:44: D3D9 : Direct3D9 Rendering Subsystem created.
12:25:44: D3D9: Driver Detection Starts
12:25:44: D3D9: Driver Detection Ends
12:25:44: Plugin successfully installed
12:25:44: Loading library .\Plugin_CgProgramManager
12:25:44: Installing plugin: Cg Program Manager
12:25:44: Plugin successfully installed
12:25:44: *-*-* OGRE Initialising
12:25:44: *-*-* Version 1.7.3 (Cthugha)
12:25:44: D3D9 : RenderSystem Option: Full Screen = No
12:25:44: D3D9 : RenderSystem Option: Video Mode = 200 x 200 @ 32-bit colour
12:25:44: D3D9 : RenderSystem Option: FSAA = 0
12:25:44: D3D9 : RenderSystem Option: VSync = No
12:25:44: D3D9 : RenderSystem Option: sRGB Gamma Conversion = No
12:25:44: CPU Identifier & Features
12:25:44: -------------------------
12:25:44:  *   CPU ID: GenuineIntel: Intel(R) Core(TM) i5-3570K CPU @ 3.40GHz
12:25:44:  *      SSE: yes
12:25:44:  *     SSE2: yes
12:25:44:  *     SSE3: yes
12:25:44:  *      MMX: yes
12:25:44:  *   MMXEXT: yes
12:25:44:  *    3DNOW: no
12:25:44:  * 3DNOWEXT: no
12:25:44:  *     CMOV: yes
12:25:44:  *      TSC: yes
12:25:44:  *      FPU: yes
12:25:44:  *      PRO: yes
12:25:44:  *       HT: no
12:25:44: -------------------------
12:25:44: D3D9 : Subsystem Initialising
12:25:44: Registering ResourceManager for type Texture
12:25:44: Registering ResourceManager for type GpuProgram
12:25:44: D3D9RenderSystem::_createRenderWindow "MSpriteRenderer Preview Window", 200x200 windowed  miscParams: FSAA=0 FSAAHint= colourDepth=32 gamma=false monitorIndex=0 useNVPerfHUD=false vsync=false vsyncInterval=1 
12:25:44: D3D9 : Created D3D9 Rendering Window 'MSpriteRenderer Preview Window' : 200x200, 32bpp
12:25:44: D3D9 : WARNING - disabling VSync in windowed mode can cause timing issues at lower frame rates, turn VSync on if you observe this problem.
12:25:44: D3D9: Vertex texture format supported - PF_A8R8G8B8
12:25:44: D3D9: Vertex texture format supported - PF_B8G8R8A8
12:25:44: D3D9: Vertex texture format supported - PF_FLOAT16_RGB
12:25:44: D3D9: Vertex texture format supported - PF_FLOAT16_RGBA
12:25:44: D3D9: Vertex texture format supported - PF_FLOAT32_RGB
12:25:44: D3D9: Vertex texture format supported - PF_FLOAT32_RGBA
12:25:44: D3D9: Vertex texture format supported - PF_R8G8B8A8
12:25:44: D3D9: Vertex texture format supported - PF_DEPTH
12:25:44: D3D9: Vertex texture format supported - PF_FLOAT16_R
12:25:44: D3D9: Vertex texture format supported - PF_FLOAT32_R
12:25:44: D3D9: Vertex texture format supported - PF_FLOAT16_GR
12:25:44: D3D9: Vertex texture format supported - PF_FLOAT32_GR
12:25:44: D3D9: Vertex texture format supported - PF_PVRTC_RGB2
12:25:44: D3D9: Vertex texture format supported - PF_PVRTC_RGBA2
12:25:44: D3D9: Vertex texture format supported - PF_PVRTC_RGB4
12:25:44: D3D9: Vertex texture format supported - PF_PVRTC_RGBA4
12:25:44: RenderSystem capabilities
12:25:44: -------------------------
12:25:44: RenderSystem Name: Direct3D9 Rendering Subsystem
12:25:44: GPU Vendor: nvidia
12:25:44: Device Name: Monitor-1-NVIDIA GeForce GTX 650 Ti BOOST
12:25:44: Driver Version: 9.18.13.2057
12:25:44:  * Fixed function pipeline: yes
12:25:44:  * Hardware generation of mipmaps: yes
12:25:44:  * Texture blending: yes
12:25:44:  * Anisotropic texture filtering: yes
12:25:44:  * Dot product texture operation: yes
12:25:44:  * Cube mapping: yes
12:25:44:  * Hardware stencil buffer: yes
12:25:44:    - Stencil depth: 8
12:25:44:    - Two sided stencil support: yes
12:25:44:    - Wrap stencil values: yes
12:25:44:  * Hardware vertex / index buffers: yes
12:25:44:  * Vertex programs: yes
12:25:44:  * Number of floating-point constants for vertex programs: 256
12:25:44:  * Number of integer constants for vertex programs: 16
12:25:44:  * Number of boolean constants for vertex programs: 16
12:25:44:  * Fragment programs: yes
12:25:44:  * Number of floating-point constants for fragment programs: 224
12:25:44:  * Number of integer constants for fragment programs: 16
12:25:44:  * Number of boolean constants for fragment programs: 16
12:25:44:  * Geometry programs: no
12:25:44:  * Number of floating-point constants for geometry programs: 0
12:25:44:  * Number of integer constants for geometry programs: 0
12:25:44:  * Number of boolean constants for geometry programs: 0
12:25:44:  * Supported Shader Profiles: hlsl ps_1_1 ps_1_2 ps_1_3 ps_1_4 ps_2_0 ps_2_a ps_2_b ps_2_x ps_3_0 vs_1_1 vs_2_0 vs_2_a vs_2_x vs_3_0
12:25:44:  * Texture Compression: yes
12:25:44:    - DXT: yes
12:25:44:    - VTC: no
12:25:44:    - PVRTC: no
12:25:44:  * Scissor Rectangle: yes
12:25:44:  * Hardware Occlusion Query: yes
12:25:44:  * User clip planes: yes
12:25:44:  * VET_UBYTE4 vertex element type: yes
12:25:44:  * Infinite far plane projection: yes
12:25:44:  * Hardware render-to-texture: yes
12:25:44:  * Floating point textures: yes
12:25:44:  * Non-power-of-two textures: yes
12:25:44:  * Volume textures: yes
12:25:44:  * Multiple Render Targets: 4
12:25:44:    - With different bit depths: yes
12:25:44:  * Point Sprites: yes
12:25:44:  * Extended point parameters: yes
12:25:44:  * Max Point Size: 10
12:25:44:  * Vertex texture fetch: yes
12:25:44:  * Number of world matrices: 0
12:25:44:  * Number of texture units: 8
12:25:44:  * Stencil buffer depth: 8
12:25:44:  * Number of vertex blend matrices: 0
12:25:44:    - Max vertex textures: 4
12:25:44:    - Vertex textures shared: no
12:25:44:  * Render to Vertex Buffer : no
12:25:44:  * DirectX per stage constants: yes
12:25:44: ***************************************
12:25:44: *** D3D9 : Subsystem Initialised OK ***
12:25:44: ***************************************
12:25:44: DefaultWorkQueue('Root') initialising on thread 007E1460.
12:25:44: DefaultWorkQueue('Root')::WorkerFunc - thread 0077E688 starting.
12:25:44: DefaultWorkQueue('Root')::WorkerFunc - thread 0077E5C8 starting.
12:25:44: DefaultWorkQueue('Root')::WorkerFunc - thread 00805E80 starting.
12:25:44: DefaultWorkQueue('Root')::WorkerFunc - thread 00805EE0 starting.
12:25:44: Particle Renderer Type 'billboard' registered
12:25:44: Creating resource group Bootstrap
12:25:44: Added resource location 'Media/packs/OgreCore.zip' of type 'Zip' to resource group 'Bootstrap'
12:25:44: Added resource location 'Media' of type 'FileSystem' to resource group 'General'
12:25:44: Added resource location 'Media/compositor' of type 'FileSystem' to resource group 'General'
12:25:44: Creating resource group Normal
12:25:44: Added resource location 'Media/compositor/Normal' of type 'FileSystem' to resource group 'Normal'
12:25:44: Creating resource group Pixelate
12:25:44: Added resource location 'Media/compositor/Pixelate' of type 'FileSystem' to resource group 'Pixelate'
12:25:44: Creating resource group SS13
12:25:44: Added resource location 'Media/ss13models/player' of type 'FileSystem' to resource group 'SS13'
12:25:44: Parsing scripts for resource group Autodetect
12:25:44: Finished parsing scripts for resource group Autodetect
12:25:44: Parsing scripts for resource group Bootstrap
12:25:44: Parsing script OgreCore.material
12:25:44: Parsing script OgreProfiler.material
12:25:44: Parsing script Ogre.fontdef
12:25:44: Parsing script OgreDebugPanel.overlay
12:25:44: Texture: New_Ogre_Border_Center.png: Loading 1 faces(PF_A8R8G8B8,256x128x1) with  hardware generated mipmaps from Image. Internal format is PF_A8R8G8B8,256x128x1.
12:25:44: Texture: New_Ogre_Border.png: Loading 1 faces(PF_A8R8G8B8,256x256x1) with  hardware generated mipmaps from Image. Internal format is PF_A8R8G8B8,256x256x1.
12:25:44: Texture: New_Ogre_Border_Break.png: Loading 1 faces(PF_A8R8G8B8,32x32x1) with  hardware generated mipmaps from Image. Internal format is PF_A8R8G8B8,32x32x1.
12:25:44: Texture: ogretext.png: Loading 1 faces(PF_A8R8G8B8,256x128x1) with  hardware generated mipmaps from Image. Internal format is PF_A8R8G8B8,256x128x1.
12:25:44: Parsing script OgreLoadingPanel.overlay
12:25:44: Finished parsing scripts for resource group Bootstrap
12:25:44: Parsing scripts for resource group General
12:25:44: Finished parsing scripts for resource group General
12:25:44: Parsing scripts for resource group Internal
12:25:44: Finished parsing scripts for resource group Internal
12:25:44: Parsing scripts for resource group Normal
12:25:44: Parsing script normal.material
12:25:44: Parsing script normal.compositor
12:25:44: Finished parsing scripts for resource group Normal
12:25:44: Parsing scripts for resource group Pixelate
12:25:44: Parsing script StdQuad_vp.program
12:25:44: Parsing script blend.material
12:25:44: Parsing script EdgeDetect.material
12:25:44: Parsing script ImageBlur.material
12:25:44: Parsing script ImageSharpen.material
12:25:44: Parsing script output.material
12:25:44: Parsing script Pixelate.material
12:25:44: Parsing script EdgeDetect.compositor
12:25:44: Parsing script pixelate.compositor
12:25:44: Finished parsing scripts for resource group Pixelate
12:25:44: Parsing scripts for resource group SS13
12:25:44: Parsing script player.material
12:25:44: Parsing script player_jumpsuit.material
12:25:44: Parsing script player_jumpsuit_gray.material
12:25:44: Parsing script player_jumpsuit_security.material
12:25:44: Parsing script toolbox.material
12:25:44: Parsing script transparent.material
12:25:44: Parsing script Untitled.material
12:25:44: Finished parsing scripts for resource group SS13
12:25:44: Font BlueHighwayusing texture size 512x512
12:25:44: Info: Freetype returned null for character 127 in font BlueHighway
12:25:44: Info: Freetype returned null for character 128 in font BlueHighway
12:25:44: Info: Freetype returned null for character 129 in font BlueHighway
12:25:44: Info: Freetype returned null for character 130 in font BlueHighway
12:25:44: Info: Freetype returned null for character 131 in font BlueHighway
12:25:44: Info: Freetype returned null for character 132 in font BlueHighway
12:25:44: Info: Freetype returned null for character 133 in font BlueHighway
12:25:44: Info: Freetype returned null for character 134 in font BlueHighway
12:25:44: Info: Freetype returned null for character 135 in font BlueHighway
12:25:44: Info: Freetype returned null for character 136 in font BlueHighway
12:25:44: Info: Freetype returned null for character 137 in font BlueHighway
12:25:44: Info: Freetype returned null for character 138 in font BlueHighway
12:25:44: Info: Freetype returned null for character 139 in font BlueHighway
12:25:44: Info: Freetype returned null for character 140 in font BlueHighway
12:25:44: Info: Freetype returned null for character 141 in font BlueHighway
12:25:44: Info: Freetype returned null for character 142 in font BlueHighway
12:25:45: Info: Freetype returned null for character 143 in font BlueHighway
12:25:45: Info: Freetype returned null for character 144 in font BlueHighway
12:25:45: Info: Freetype returned null for character 145 in font BlueHighway
12:25:45: Info: Freetype returned null for character 146 in font BlueHighway
12:25:45: Info: Freetype returned null for character 147 in font BlueHighway
12:25:45: Info: Freetype returned null for character 148 in font BlueHighway
12:25:45: Info: Freetype returned null for character 149 in font BlueHighway
12:25:45: Info: Freetype returned null for character 150 in font BlueHighway
12:25:45: Info: Freetype returned null for character 151 in font BlueHighway
12:25:45: Info: Freetype returned null for character 152 in font BlueHighway
12:25:45: Info: Freetype returned null for character 153 in font BlueHighway
12:25:45: Info: Freetype returned null for character 154 in font BlueHighway
12:25:45: Info: Freetype returned null for character 155 in font BlueHighway
12:25:45: Info: Freetype returned null for character 156 in font BlueHighway
12:25:45: Info: Freetype returned null for character 157 in font BlueHighway
12:25:45: Info: Freetype returned null for character 158 in font BlueHighway
12:25:45: Info: Freetype returned null for character 159 in font BlueHighway
12:25:45: Info: Freetype returned null for character 160 in font BlueHighway
12:25:45: Texture: BlueHighwayTexture: Loading 1 faces(PF_BYTE_LA,512x512x1) with 0 generated mipmaps from Image. Internal format is PF_BYTE_LA,512x512x1.
12:25:45: Mesh: Loading player.mesh.
12:25:45: Skeleton: Loading player.skeleton
12:25:45: Texture: UV_underwear.png: Loading 1 faces(PF_R8G8B8,2048x2048x1) with  hardware generated mipmaps from Image. Internal format is PF_X8R8G8B8,2048x2048x1.
12:25:45: Mesh: Loading toolbox.mesh.
12:25:52: Texture: UV_jumpsuit2.png: Loading 1 faces(PF_A8R8G8B8,2048x2048x1) with  hardware generated mipmaps from Image. Internal format is PF_A8R8G8B8,2048x2048x1.
12:26:02: Texture: jumpsuit_gray.png: Loading 1 faces(PF_A8R8G8B8,2048x2048x1) with  hardware generated mipmaps from Image. Internal format is PF_A8R8G8B8,2048x2048x1.
12:26:09: Texture: UV_jumpsuit_security.png: Loading 1 faces(PF_A8R8G8B8,2048x2048x1) with  hardware generated mipmaps from Image. Internal format is PF_A8R8G8B8,2048x2048x1.
12:26:26: DefaultWorkQueue('Root') shutting down on thread 007E1460.
12:26:26: DefaultWorkQueue('Root')::WorkerFunc - thread 00805E80 stopped.
12:26:26: DefaultWorkQueue('Root')::WorkerFunc - thread 0077E5C8 stopped.
12:26:26: DefaultWorkQueue('Root')::WorkerFunc - thread 00805EE0 stopped.
12:26:26: DefaultWorkQueue('Root')::WorkerFunc - thread 0077E688 stopped.
12:26:26: *-*-* OGRE Shutdown
