10:36:40: Creating resource group General
10:36:40: Creating resource group Internal
10:36:40: Creating resource group Autodetect
10:36:40: SceneManagerFactory for type 'DefaultSceneManager' registered.
10:36:40: Registering ResourceManager for type Material
10:36:40: Registering ResourceManager for type Mesh
10:36:40: Registering ResourceManager for type Skeleton
10:36:40: MovableObjectFactory for type 'ParticleSystem' registered.
10:36:40: OverlayElementFactory for type Panel registered.
10:36:40: OverlayElementFactory for type BorderPanel registered.
10:36:40: OverlayElementFactory for type TextArea registered.
10:36:40: Registering ResourceManager for type Font
10:36:40: ArchiveFactory for archive type FileSystem registered.
10:36:40: ArchiveFactory for archive type Zip registered.
10:36:40: DDS codec registering
10:36:40: FreeImage version: 3.13.1
10:36:40: This program uses FreeImage, a free, open source image library supporting all common bitmap formats. See http://freeimage.sourceforge.net for details
10:36:40: Supported formats: bmp,ico,jpg,jif,jpeg,jpe,jng,koa,iff,lbm,mng,pbm,pbm,pcd,pcx,pgm,pgm,png,ppm,ppm,ras,tga,targa,tif,tiff,wap,wbmp,wbm,psd,cut,xbm,xpm,gif,hdr,g3,sgi,exr,j2k,j2c,jp2,pfm,pct,pict,pic,bay,bmq,cr2,crw,cs1,dc2,dcr,dng,erf,fff,hdr,k25,kdc,mdc,mos,mrw,nef,orf,pef,pxn,raf,raw,rdc,sr2,srf,arw,3fr,cine,ia,kc2,mef,nrw,qtk,rw2,sti,drf,dsc,ptx,cap,iiq,rwz
10:36:40: PVRTC codec registering
10:36:40: Registering ResourceManager for type HighLevelGpuProgram
10:36:40: Registering ResourceManager for type Compositor
10:36:40: MovableObjectFactory for type 'Entity' registered.
10:36:40: MovableObjectFactory for type 'Light' registered.
10:36:40: MovableObjectFactory for type 'BillboardSet' registered.
10:36:40: MovableObjectFactory for type 'ManualObject' registered.
10:36:40: MovableObjectFactory for type 'BillboardChain' registered.
10:36:40: MovableObjectFactory for type 'RibbonTrail' registered.
10:36:40: Loading library .\RenderSystem_Direct3D9
10:36:40: Installing plugin: D3D9 RenderSystem
10:36:40: D3D9 : Direct3D9 Rendering Subsystem created.
10:36:40: D3D9: Driver Detection Starts
10:36:40: D3D9: Driver Detection Ends
10:36:40: Plugin successfully installed
10:36:40: Loading library .\Plugin_ParticleFX
10:36:40: Installing plugin: ParticleFX
10:36:40: Particle Emitter Type 'Point' registered
10:36:40: Particle Emitter Type 'Box' registered
10:36:40: Particle Emitter Type 'Ellipsoid' registered
10:36:40: Particle Emitter Type 'Cylinder' registered
10:36:40: Particle Emitter Type 'Ring' registered
10:36:40: Particle Emitter Type 'HollowEllipsoid' registered
10:36:40: Particle Affector Type 'LinearForce' registered
10:36:40: Particle Affector Type 'ColourFader' registered
10:36:40: Particle Affector Type 'ColourFader2' registered
10:36:40: Particle Affector Type 'ColourImage' registered
10:36:40: Particle Affector Type 'ColourInterpolator' registered
10:36:40: Particle Affector Type 'Scaler' registered
10:36:40: Particle Affector Type 'Rotator' registered
10:36:40: Particle Affector Type 'DirectionRandomiser' registered
10:36:40: Particle Affector Type 'DeflectorPlane' registered
10:36:40: Plugin successfully installed
10:36:40: Loading library .\Plugin_OctreeSceneManager
10:36:40: Installing plugin: Octree & Terrain Scene Manager
10:36:40: Plugin successfully installed
10:36:40: Loading library .\Plugin_CgProgramManager
10:36:41: Installing plugin: Cg Program Manager
10:36:41: Plugin successfully installed
10:36:41: *-*-* OGRE Initialising
10:36:41: *-*-* Version 1.7.1 (Cthugha)
10:36:41: CPU Identifier & Features
10:36:41: -------------------------
10:36:41:  *   CPU ID: GenuineIntel: Intel(R) Core(TM) i5 CPU         760  @ 2.80GHz
10:36:41:  *      SSE: yes
10:36:41:  *     SSE2: yes
10:36:41:  *     SSE3: yes
10:36:41:  *      MMX: yes
10:36:41:  *   MMXEXT: yes
10:36:41:  *    3DNOW: no
10:36:41:  * 3DNOWEXT: no
10:36:41:  *     CMOV: yes
10:36:41:  *      TSC: yes
10:36:41:  *      FPU: yes
10:36:41:  *      PRO: yes
10:36:41:  *       HT: no
10:36:41: -------------------------
10:36:41: D3D9 : Subsystem Initialising
10:36:41: Registering ResourceManager for type Texture
10:36:41: Registering ResourceManager for type GpuProgram
10:36:41: ***************************************
10:36:41: *** D3D9 : Subsystem Initialised OK ***
10:36:41: ***************************************
10:36:41: D3D9RenderSystem::_createRenderWindow "SpaceStation3D", 1024x768 windowed  miscParams: FSAA=0 vsync=True 
10:36:41: D3D9 : Created D3D9 Rendering Window 'SpaceStation3D' : 1024x768, 32bpp
10:36:41: D3D9: Vertex texture format supported - PF_L8
10:36:41: D3D9: Vertex texture format supported - PF_L16
10:36:41: D3D9: Vertex texture format supported - PF_A8
10:36:41: D3D9: Vertex texture format supported - PF_A4L4
10:36:41: D3D9: Vertex texture format supported - PF_BYTE_LA
10:36:41: D3D9: Vertex texture format supported - PF_R5G6B5
10:36:41: D3D9: Vertex texture format supported - PF_B5G6R5
10:36:41: D3D9: Vertex texture format supported - PF_A4R4G4B4
10:36:41: D3D9: Vertex texture format supported - PF_A1R5G5B5
10:36:41: D3D9: Vertex texture format supported - PF_A8R8G8B8
10:36:41: D3D9: Vertex texture format supported - PF_B8G8R8A8
10:36:41: D3D9: Vertex texture format supported - PF_A2R10G10B10
10:36:41: D3D9: Vertex texture format supported - PF_A2B10G10R10
10:36:41: D3D9: Vertex texture format supported - PF_DXT1
10:36:41: D3D9: Vertex texture format supported - PF_DXT2
10:36:41: D3D9: Vertex texture format supported - PF_DXT3
10:36:41: D3D9: Vertex texture format supported - PF_DXT4
10:36:41: D3D9: Vertex texture format supported - PF_DXT5
10:36:41: D3D9: Vertex texture format supported - PF_FLOAT16_RGB
10:36:41: D3D9: Vertex texture format supported - PF_FLOAT16_RGBA
10:36:41: D3D9: Vertex texture format supported - PF_FLOAT32_RGB
10:36:41: D3D9: Vertex texture format supported - PF_FLOAT32_RGBA
10:36:41: D3D9: Vertex texture format supported - PF_X8R8G8B8
10:36:41: D3D9: Vertex texture format supported - PF_X8B8G8R8
10:36:41: D3D9: Vertex texture format supported - PF_R8G8B8A8
10:36:41: D3D9: Vertex texture format supported - PF_DEPTH
10:36:41: D3D9: Vertex texture format supported - PF_SHORT_RGBA
10:36:41: D3D9: Vertex texture format supported - PF_FLOAT16_R
10:36:41: D3D9: Vertex texture format supported - PF_FLOAT32_R
10:36:41: D3D9: Vertex texture format supported - PF_SHORT_GR
10:36:41: D3D9: Vertex texture format supported - PF_FLOAT16_GR
10:36:41: D3D9: Vertex texture format supported - PF_FLOAT32_GR
10:36:41: D3D9: Vertex texture format supported - PF_SHORT_RGB
10:36:41: D3D9: Vertex texture format supported - PF_PVRTC_RGB2
10:36:41: D3D9: Vertex texture format supported - PF_PVRTC_RGBA2
10:36:41: D3D9: Vertex texture format supported - PF_PVRTC_RGB4
10:36:41: D3D9: Vertex texture format supported - PF_PVRTC_RGBA4
10:36:41: RenderSystem capabilities
10:36:41: -------------------------
10:36:41: RenderSystem Name: Direct3D9 Rendering Subsystem
10:36:41: GPU Vendor: ati
10:36:41: Device Name: Monitor-1-ATI Radeon HD 5800 Series
10:36:41: Driver Version: 8.17.10.1072
10:36:41:  * Fixed function pipeline: yes
10:36:41:  * Hardware generation of mipmaps: yes
10:36:41:  * Texture blending: yes
10:36:41:  * Anisotropic texture filtering: yes
10:36:41:  * Dot product texture operation: yes
10:36:41:  * Cube mapping: yes
10:36:41:  * Hardware stencil buffer: yes
10:36:41:    - Stencil depth: 8
10:36:41:    - Two sided stencil support: yes
10:36:41:    - Wrap stencil values: yes
10:36:41:  * Hardware vertex / index buffers: yes
10:36:41:  * Vertex programs: yes
10:36:41:  * Number of floating-point constants for vertex programs: 256
10:36:41:  * Number of integer constants for vertex programs: 16
10:36:41:  * Number of boolean constants for vertex programs: 16
10:36:41:  * Fragment programs: yes
10:36:41:  * Number of floating-point constants for fragment programs: 224
10:36:41:  * Number of integer constants for fragment programs: 16
10:36:41:  * Number of boolean constants for fragment programs: 16
10:36:41:  * Geometry programs: no
10:36:41:  * Number of floating-point constants for geometry programs: 0
10:36:41:  * Number of integer constants for geometry programs: 0
10:36:41:  * Number of boolean constants for geometry programs: 0
10:36:41:  * Supported Shader Profiles: hlsl ps_1_1 ps_1_2 ps_1_3 ps_1_4 ps_2_0 ps_2_a ps_2_b ps_2_x ps_3_0 vs_1_1 vs_2_0 vs_2_a vs_2_x vs_3_0
10:36:41:  * Texture Compression: yes
10:36:41:    - DXT: yes
10:36:41:    - VTC: no
10:36:41:    - PVRTC: no
10:36:41:  * Scissor Rectangle: yes
10:36:41:  * Hardware Occlusion Query: yes
10:36:41:  * User clip planes: yes
10:36:41:  * VET_UBYTE4 vertex element type: yes
10:36:41:  * Infinite far plane projection: yes
10:36:41:  * Hardware render-to-texture: yes
10:36:41:  * Floating point textures: yes
10:36:41:  * Non-power-of-two textures: yes
10:36:41:  * Volume textures: yes
10:36:41:  * Multiple Render Targets: 4
10:36:41:    - With different bit depths: yes
10:36:41:  * Point Sprites: yes
10:36:41:  * Extended point parameters: yes
10:36:41:  * Max Point Size: 10
10:36:41:  * Vertex texture fetch: yes
10:36:41:  * Number of world matrices: 0
10:36:41:  * Number of texture units: 8
10:36:41:  * Stencil buffer depth: 8
10:36:41:  * Number of vertex blend matrices: 0
10:36:41:    - Max vertex textures: 4
10:36:41:    - Vertex textures shared: no
10:36:41:  * Render to Vertex Buffer : no
10:36:41:  * DirectX per stage constants: yes
10:36:41: DefaultWorkQueue('Root') initialising on thread main.
10:36:41: Particle Renderer Type 'billboard' registered
10:36:41: SceneManagerFactory for type 'OctreeSceneManager' registered.
10:36:41: SceneManagerFactory for type 'TerrainSceneManager' registered.
10:36:41: Creating resource group Default
10:36:41: Added resource location '../../../../Media/GUI/' of type 'FileSystem' to resource group 'Default'
10:36:41: Added resource location '../../../../Media/Cursor/' of type 'FileSystem' to resource group 'Default'
10:36:41: Added resource location '../../../../Media/Fonts/' of type 'FileSystem' to resource group 'Default'
10:36:41: Added resource location '../../../../Media/OgreCore.zip' of type 'Zip' to resource group 'Default'
10:36:41: Added resource location '../../../../Media/textures/' of type 'FileSystem' to resource group 'Default'
10:36:41: Added resource location '../../../../Media/materials/' of type 'FileSystem' to resource group 'Default'
10:36:41: Added resource location '../../../../Media/models/' of type 'FileSystem' to resource group 'Default'
10:36:41: Added resource location '../../../../Media/overlays/' of type 'FileSystem' to resource group 'Default'
10:36:41: Added resource location '../../../../Media/shaders/' of type 'FileSystem' to resource group 'Default'
10:36:41: Initialising resource group Default
10:36:41: Parsing scripts for resource group Default
10:36:41: Parsing script OgreCore.material
10:36:41: Parsing script OgreProfiler.material
10:36:41: Parsing script 00diffuse.material
10:36:41: Parsing script FloorTexture.material
10:36:41: Parsing script Lobby.material
10:36:41: Parsing script Mainmenu.material
10:36:41: Parsing script Ogre.material
10:36:41: Parsing script player.material
10:36:41: Parsing script Pointer.material
10:36:41: Parsing script SkyBox.material
10:36:41: Parsing script SpaceTexture.material
10:36:41: Parsing script UserInterface.material
10:36:41: Parsing script WallTexture.material
10:36:41: Parsing script 00ambient.material
10:36:41: Parsing script 00diffuse.material
10:36:41: Parsing script shadow_caster.material
10:36:41: Parsing script Ogre.fontdef
10:36:41: Parsing script Ogre.fontdef
10:36:41: Parsing script OgreDebugPanel.overlay
10:36:41: Texture: New_Ogre_Border_Center.png: Loading 1 faces(PF_A8R8G8B8,256x128x1) with  hardware generated mipmaps from Image. Internal format is PF_A8R8G8B8,256x128x1.
10:36:41: Texture: New_Ogre_Border.png: Loading 1 faces(PF_A8R8G8B8,256x256x1) with  hardware generated mipmaps from Image. Internal format is PF_A8R8G8B8,256x256x1.
10:36:41: Texture: New_Ogre_Border_Break.png: Loading 1 faces(PF_A8R8G8B8,32x32x1) with  hardware generated mipmaps from Image. Internal format is PF_A8R8G8B8,32x32x1.
10:36:41: Texture: ogretext.png: Loading 1 faces(PF_A8R8G8B8,256x128x1) with  hardware generated mipmaps from Image. Internal format is PF_A8R8G8B8,256x128x1.
10:36:41: Parsing script OgreLoadingPanel.overlay
10:36:41: Parsing script Lobby.overlay
10:36:41: Texture: LobbyBackground.jpg: Loading 1 faces(PF_R8G8B8,1280x812x1) with 8 generated mipmaps from Image. Internal format is PF_X8R8G8B8,1280x812x1.
10:36:41: Parsing script Mainmenu.overlay
10:36:42: Texture: MainBackground.jpg: Loading 1 faces(PF_R8G8B8,2037x1423x1) with 8 generated mipmaps from Image. Internal format is PF_X8R8G8B8,2037x1423x1.
10:36:42: Parsing script pointer.overlay
10:36:42: Texture: pointer.png: Loading 1 faces(PF_A8R8G8B8,61x50x1) with 5 generated mipmaps from Image. Internal format is PF_A8R8G8B8,61x50x1.
10:36:42: Finished parsing scripts for resource group Default
10:36:42: Loading resource group 'Default' - Resources: 1 World Geometry: 1
10:36:42: Texture: axes.png: Loading 1 faces(PF_R8G8B8,256x256x1) with  hardware generated mipmaps from Image. Internal format is PF_X8R8G8B8,256x256x1.
10:36:42: Texture: ProfileCurrentBar.png: Loading 1 faces(PF_A8R8G8B8,256x256x1) with  hardware generated mipmaps from Image. Internal format is PF_A8R8G8B8,256x256x1.
10:36:42: Texture: ProfileAvgBar.png: Loading 1 faces(PF_A8R8G8B8,256x256x1) with  hardware generated mipmaps from Image. Internal format is PF_A8R8G8B8,256x256x1.
10:36:42: Texture: ProfileMinBar.png: Loading 1 faces(PF_A8R8G8B8,256x256x1) with  hardware generated mipmaps from Image. Internal format is PF_A8R8G8B8,256x256x1.
10:36:42: Texture: ProfileMaxBar.png: Loading 1 faces(PF_A8R8G8B8,256x256x1) with  hardware generated mipmaps from Image. Internal format is PF_A8R8G8B8,256x256x1.
10:36:42: Texture: FloorTexture.png: Loading 1 faces(PF_R8G8B8,32x32x1) with  hardware generated mipmaps from Image. Internal format is PF_X8R8G8B8,32x32x1.
10:36:42: Texture: spheremap.png: Loading 1 faces(PF_R8G8B8,256x256x1) with  hardware generated mipmaps from Image. Internal format is PF_X8R8G8B8,256x256x1.
10:36:42: Texture: GreenSkin.jpg: Loading 1 faces(PF_R8G8B8,256x256x1) with  hardware generated mipmaps from Image. Internal format is PF_X8R8G8B8,256x256x1.
10:36:42: Texture: tusk.jpg: Loading 1 faces(PF_R8G8B8,96x96x1) with 6 generated mipmaps from Image. Internal format is PF_X8R8G8B8,96x96x1.
10:36:42: Texture: face.bmp: Loading 1 faces(PF_R8G8B8,1024x512x1) with  hardware generated mipmaps from Image. Internal format is PF_X8R8G8B8,1024x512x1.
10:36:42: Texture: body.bmp: Loading 1 faces(PF_R8G8B8,1024x512x1) with  hardware generated mipmaps from Image. Internal format is PF_X8R8G8B8,1024x512x1.
10:36:42: Texture: feet.bmp: Loading 1 faces(PF_R8G8B8,1024x512x1) with  hardware generated mipmaps from Image. Internal format is PF_X8R8G8B8,1024x512x1.
10:36:42: Texture: arms.bmp: Loading 1 faces(PF_R8G8B8,1024x512x1) with  hardware generated mipmaps from Image. Internal format is PF_X8R8G8B8,1024x512x1.
10:36:43: Texture: pointerdown.png: Loading 1 faces(PF_A8R8G8B8,61x50x1) with 5 generated mipmaps from Image. Internal format is PF_A8R8G8B8,61x50x1.
10:36:43: Texture: Skybox\front.png: Loading 1 faces(PF_R8G8B8,2048x2048x1) with  hardware generated mipmaps from Image. Internal format is PF_X8R8G8B8,2048x2048x1.
10:36:43: Texture: Skybox\back.png: Loading 1 faces(PF_R8G8B8,2048x2048x1) with  hardware generated mipmaps from Image. Internal format is PF_X8R8G8B8,2048x2048x1.
10:36:43: Texture: Skybox\left.png: Loading 1 faces(PF_R8G8B8,2048x2048x1) with  hardware generated mipmaps from Image. Internal format is PF_X8R8G8B8,2048x2048x1.
10:36:43: Texture: Skybox\right.png: Loading 1 faces(PF_R8G8B8,2048x2048x1) with  hardware generated mipmaps from Image. Internal format is PF_X8R8G8B8,2048x2048x1.
10:36:43: Texture: Skybox\top.png: Loading 1 faces(PF_R8G8B8,2048x2048x1) with  hardware generated mipmaps from Image. Internal format is PF_X8R8G8B8,2048x2048x1.
10:36:44: Texture: Skybox\bottom.png: Loading 1 faces(PF_R8G8B8,2048x2048x1) with  hardware generated mipmaps from Image. Internal format is PF_X8R8G8B8,2048x2048x1.
10:36:44: Texture: button0.png: Loading 1 faces(PF_A8R8G8B8,158x32x1) with 7 generated mipmaps from Image. Internal format is PF_A8R8G8B8,158x32x1.
10:36:44: Texture: button1.png: Loading 1 faces(PF_A8R8G8B8,158x32x1) with 7 generated mipmaps from Image. Internal format is PF_A8R8G8B8,158x32x1.
10:36:44: Texture: check0.png: Loading 1 faces(PF_A8R8G8B8,28x28x1) with 4 generated mipmaps from Image. Internal format is PF_A8R8G8B8,28x28x1.
10:36:44: Texture: check1.png: Loading 1 faces(PF_A8R8G8B8,28x28x1) with 4 generated mipmaps from Image. Internal format is PF_A8R8G8B8,28x28x1.
10:36:44: Texture: textbox.png: Loading 1 faces(PF_A8R8G8B8,240x40x1) with 7 generated mipmaps from Image. Internal format is PF_A8R8G8B8,240x40x1.
10:36:44: Texture: textbox_focus.png: Loading 1 faces(PF_A8R8G8B8,240x40x1) with 7 generated mipmaps from Image. Internal format is PF_A8R8G8B8,240x40x1.
10:36:44: Texture: dropelement_main.png: Loading 1 faces(PF_A8R8G8B8,240x32x1) with 7 generated mipmaps from Image. Internal format is PF_A8R8G8B8,240x32x1.
10:36:44: Texture: dropelement_main_open.png: Loading 1 faces(PF_A8R8G8B8,240x32x1) with 7 generated mipmaps from Image. Internal format is PF_A8R8G8B8,240x32x1.
10:36:44: Texture: dropelement_first.png: Loading 1 faces(PF_A8R8G8B8,240x32x1) with 7 generated mipmaps from Image. Internal format is PF_A8R8G8B8,240x32x1.
10:36:44: Texture: dropelement_middle.png: Loading 1 faces(PF_A8R8G8B8,240x32x1) with 7 generated mipmaps from Image. Internal format is PF_A8R8G8B8,240x32x1.
10:36:44: Texture: dropelement_last.png: Loading 1 faces(PF_A8R8G8B8,240x32x1) with 7 generated mipmaps from Image. Internal format is PF_A8R8G8B8,240x32x1.
10:36:44: Texture: WallTexture.png: Loading 1 faces(PF_R8G8B8,32x32x1) with  hardware generated mipmaps from Image. Internal format is PF_X8R8G8B8,32x32x1.
10:36:44: Font BlueHighwayusing texture size 512x512
10:36:44: Info: Freetype returned null for character 127 in font BlueHighway
10:36:44: Info: Freetype returned null for character 128 in font BlueHighway
10:36:44: Info: Freetype returned null for character 129 in font BlueHighway
10:36:44: Info: Freetype returned null for character 130 in font BlueHighway
10:36:44: Info: Freetype returned null for character 131 in font BlueHighway
10:36:44: Info: Freetype returned null for character 132 in font BlueHighway
10:36:44: Info: Freetype returned null for character 133 in font BlueHighway
10:36:44: Info: Freetype returned null for character 134 in font BlueHighway
10:36:44: Info: Freetype returned null for character 135 in font BlueHighway
10:36:44: Info: Freetype returned null for character 136 in font BlueHighway
10:36:44: Info: Freetype returned null for character 137 in font BlueHighway
10:36:44: Info: Freetype returned null for character 138 in font BlueHighway
10:36:44: Info: Freetype returned null for character 139 in font BlueHighway
10:36:44: Info: Freetype returned null for character 140 in font BlueHighway
10:36:44: Info: Freetype returned null for character 141 in font BlueHighway
10:36:44: Info: Freetype returned null for character 142 in font BlueHighway
10:36:44: Info: Freetype returned null for character 143 in font BlueHighway
10:36:44: Info: Freetype returned null for character 144 in font BlueHighway
10:36:44: Info: Freetype returned null for character 145 in font BlueHighway
10:36:44: Info: Freetype returned null for character 146 in font BlueHighway
10:36:44: Info: Freetype returned null for character 147 in font BlueHighway
10:36:44: Info: Freetype returned null for character 148 in font BlueHighway
10:36:44: Info: Freetype returned null for character 149 in font BlueHighway
10:36:44: Info: Freetype returned null for character 150 in font BlueHighway
10:36:44: Info: Freetype returned null for character 151 in font BlueHighway
10:36:44: Info: Freetype returned null for character 152 in font BlueHighway
10:36:44: Info: Freetype returned null for character 153 in font BlueHighway
10:36:44: Info: Freetype returned null for character 154 in font BlueHighway
10:36:44: Info: Freetype returned null for character 155 in font BlueHighway
10:36:44: Info: Freetype returned null for character 156 in font BlueHighway
10:36:44: Info: Freetype returned null for character 157 in font BlueHighway
10:36:44: Info: Freetype returned null for character 158 in font BlueHighway
10:36:44: Info: Freetype returned null for character 159 in font BlueHighway
10:36:44: Info: Freetype returned null for character 160 in font BlueHighway
10:36:44: Texture: BlueHighwayTexture: Loading 1 faces(PF_BYTE_LA,512x512x1) with 0 generated mipmaps from Image. Internal format is PF_BYTE_LA,512x512x1.
10:36:44: Font BlueHighwayusing texture size 512x512
10:36:44: Info: Freetype returned null for character 127 in font BlueHighway
10:36:44: Info: Freetype returned null for character 128 in font BlueHighway
10:36:44: Info: Freetype returned null for character 129 in font BlueHighway
10:36:44: Info: Freetype returned null for character 130 in font BlueHighway
10:36:44: Info: Freetype returned null for character 131 in font BlueHighway
10:36:44: Info: Freetype returned null for character 132 in font BlueHighway
10:36:44: Info: Freetype returned null for character 133 in font BlueHighway
10:36:44: Info: Freetype returned null for character 134 in font BlueHighway
10:36:44: Info: Freetype returned null for character 135 in font BlueHighway
10:36:44: Info: Freetype returned null for character 136 in font BlueHighway
10:36:44: Info: Freetype returned null for character 137 in font BlueHighway
10:36:44: Info: Freetype returned null for character 138 in font BlueHighway
10:36:44: Info: Freetype returned null for character 139 in font BlueHighway
10:36:44: Info: Freetype returned null for character 140 in font BlueHighway
10:36:44: Info: Freetype returned null for character 141 in font BlueHighway
10:36:44: Info: Freetype returned null for character 142 in font BlueHighway
10:36:44: Info: Freetype returned null for character 143 in font BlueHighway
10:36:44: Info: Freetype returned null for character 144 in font BlueHighway
10:36:44: Info: Freetype returned null for character 145 in font BlueHighway
10:36:44: Info: Freetype returned null for character 146 in font BlueHighway
10:36:44: Info: Freetype returned null for character 147 in font BlueHighway
10:36:44: Info: Freetype returned null for character 148 in font BlueHighway
10:36:44: Info: Freetype returned null for character 149 in font BlueHighway
10:36:44: Info: Freetype returned null for character 150 in font BlueHighway
10:36:44: Info: Freetype returned null for character 151 in font BlueHighway
10:36:44: Info: Freetype returned null for character 152 in font BlueHighway
10:36:44: Info: Freetype returned null for character 153 in font BlueHighway
10:36:44: Info: Freetype returned null for character 154 in font BlueHighway
10:36:44: Info: Freetype returned null for character 155 in font BlueHighway
10:36:44: Info: Freetype returned null for character 156 in font BlueHighway
10:36:44: Info: Freetype returned null for character 157 in font BlueHighway
10:36:44: Info: Freetype returned null for character 158 in font BlueHighway
10:36:44: Info: Freetype returned null for character 159 in font BlueHighway
10:36:44: Info: Freetype returned null for character 160 in font BlueHighway
10:36:44: Texture: BlueHighwayTexture: Loading 1 faces(PF_BYTE_LA,512x512x1) with 0 generated mipmaps from Image. Internal format is PF_BYTE_LA,512x512x1.
10:36:44: Finished loading resource group Default
10:36:44: Texture: bluehigh.png: Loading 1 faces(PF_A8R8G8B8,256x128x1) with  hardware generated mipmaps from Image. Internal format is PF_A8R8G8B8,256x128x1.
10:36:44: Managers loaded successfully.
10:36:45: Texture: MainBackground.png: Loading 1 faces(PF_A8R8G8B8,2037x1423x1) with 8 generated mipmaps from Image. Internal format is PF_A8R8G8B8,2037x1423x1.
10:36:45: Texture: Button.png: Loading 1 faces(PF_A8R8G8B8,361x137x1) with 8 generated mipmaps from Image. Internal format is PF_A8R8G8B8,361x137x1.
10:36:45: Texture: Cursor.png: Loading 1 faces(PF_A8R8G8B8,256x32x1) with  hardware generated mipmaps from Image. Internal format is PF_A8R8G8B8,256x32x1.
10:36:47: Texture: Button.MouseEnterGreen.png: Loading 1 faces(PF_A8R8G8B8,361x137x1) with 8 generated mipmaps from Image. Internal format is PF_A8R8G8B8,361x137x1.
10:36:47: DefaultWorkQueue('Root') shutting down on thread main.
10:36:47: *-*-* OGRE Shutdown
10:36:47: Unregistering ResourceManager for type Compositor
10:36:47: Unregistering ResourceManager for type Font
10:36:47: Unregistering ResourceManager for type Skeleton
10:36:47: Unregistering ResourceManager for type Mesh
10:36:47: Unregistering ResourceManager for type HighLevelGpuProgram
10:36:47: Uninstalling plugin: Cg Program Manager
10:36:47: Plugin successfully uninstalled
10:36:47: Unloading library .\Plugin_CgProgramManager
10:36:47: Uninstalling plugin: Octree & Terrain Scene Manager
10:36:47: Plugin successfully uninstalled
10:36:47: Unloading library .\Plugin_OctreeSceneManager
10:36:47: Uninstalling plugin: ParticleFX
10:36:47: Plugin successfully uninstalled
10:36:47: Unloading library .\Plugin_ParticleFX
10:36:47: Uninstalling plugin: D3D9 RenderSystem
10:36:47: D3D9 : Shutting down cleanly.
10:36:47: Unregistering ResourceManager for type Texture
10:36:47: Unregistering ResourceManager for type GpuProgram
10:36:47: D3D9 : Direct3D9 Rendering Subsystem destroyed.
10:36:47: Plugin successfully uninstalled
10:36:47: Unloading library .\RenderSystem_Direct3D9
10:36:47: Unregistering ResourceManager for type Material
