15:56:32: Creating resource group General
15:56:32: Creating resource group Internal
15:56:32: Creating resource group Autodetect
15:56:32: SceneManagerFactory for type 'DefaultSceneManager' registered.
15:56:32: Registering ResourceManager for type Material
15:56:32: Registering ResourceManager for type Mesh
15:56:32: Registering ResourceManager for type Skeleton
15:56:32: MovableObjectFactory for type 'ParticleSystem' registered.
15:56:32: OverlayElementFactory for type Panel registered.
15:56:32: OverlayElementFactory for type BorderPanel registered.
15:56:32: OverlayElementFactory for type TextArea registered.
15:56:32: Registering ResourceManager for type Font
15:56:32: ArchiveFactory for archive type FileSystem registered.
15:56:32: ArchiveFactory for archive type Zip registered.
15:56:32: DDS codec registering
15:56:32: FreeImage version: 3.15.1
15:56:32: This program uses FreeImage, a free, open source image library supporting all common bitmap formats. See http://freeimage.sourceforge.net for details
15:56:32: Supported formats: bmp,ico,jpg,jif,jpeg,jpe,jng,koa,iff,lbm,mng,pbm,pbm,pcd,pcx,pgm,pgm,png,ppm,ppm,ras,tga,targa,tif,tiff,wap,wbmp,wbm,psd,cut,xbm,xpm,gif,hdr,g3,sgi,exr,j2k,j2c,jp2,pfm,pct,pict,pic,3fr,arw,bay,bmq,cap,cine,cr2,crw,cs1,dc2,dcr,drf,dsc,dng,erf,fff,ia,iiq,k25,kc2,kdc,mdc,mef,mos,mrw,nef,nrw,orf,pef,ptx,pxn,qtk,raf,raw,rdc,rw2,rwl,rwz,sr2,srf,sti
15:56:32: PVRTC codec registering
15:56:32: Registering ResourceManager for type HighLevelGpuProgram
15:56:32: Registering ResourceManager for type Compositor
15:56:32: MovableObjectFactory for type 'Entity' registered.
15:56:32: MovableObjectFactory for type 'Light' registered.
15:56:32: MovableObjectFactory for type 'BillboardSet' registered.
15:56:32: MovableObjectFactory for type 'ManualObject' registered.
15:56:32: MovableObjectFactory for type 'BillboardChain' registered.
15:56:32: MovableObjectFactory for type 'RibbonTrail' registered.
15:56:32: Loading library .\RenderSystem_Direct3D9
15:56:32: Installing plugin: D3D9 RenderSystem
15:56:32: D3D9 : Direct3D9 Rendering Subsystem created.
15:56:32: D3D9: Driver Detection Starts
15:56:32: D3D9: Driver Detection Ends
15:56:32: Plugin successfully installed
15:56:32: Loading library .\Plugin_CgProgramManager
15:56:32: Installing plugin: Cg Program Manager
15:56:32: Plugin successfully installed
15:56:32: *-*-* OGRE Initialising
15:56:32: *-*-* Version 1.7.3 (Cthugha)
15:56:32: D3D9 : RenderSystem Option: Full Screen = No
15:56:32: D3D9 : RenderSystem Option: Video Mode = 200 x 200 @ 32-bit colour
15:56:32: D3D9 : RenderSystem Option: FSAA = 0
15:56:32: D3D9 : RenderSystem Option: VSync = No
15:56:32: D3D9 : RenderSystem Option: sRGB Gamma Conversion = No
15:56:32: CPU Identifier & Features
15:56:32: -------------------------
15:56:32:  *   CPU ID: GenuineIntel: Intel(R) Core(TM) i5-3570K CPU @ 3.40GHz
15:56:32:  *      SSE: yes
15:56:32:  *     SSE2: yes
15:56:32:  *     SSE3: yes
15:56:32:  *      MMX: yes
15:56:32:  *   MMXEXT: yes
15:56:32:  *    3DNOW: no
15:56:32:  * 3DNOWEXT: no
15:56:32:  *     CMOV: yes
15:56:32:  *      TSC: yes
15:56:32:  *      FPU: yes
15:56:32:  *      PRO: yes
15:56:32:  *       HT: no
15:56:32: -------------------------
15:56:32: D3D9 : Subsystem Initialising
15:56:32: Registering ResourceManager for type Texture
15:56:32: Registering ResourceManager for type GpuProgram
15:56:32: D3D9RenderSystem::_createRenderWindow "MSpriteRenderer Preview Window", 200x200 windowed  miscParams: FSAA=0 FSAAHint= colourDepth=32 gamma=false monitorIndex=0 useNVPerfHUD=false vsync=false vsyncInterval=1 
15:56:32: D3D9 : Created D3D9 Rendering Window 'MSpriteRenderer Preview Window' : 200x200, 32bpp
15:56:32: D3D9 : WARNING - disabling VSync in windowed mode can cause timing issues at lower frame rates, turn VSync on if you observe this problem.
15:56:32: D3D9: Vertex texture format supported - PF_A8R8G8B8
15:56:32: D3D9: Vertex texture format supported - PF_B8G8R8A8
15:56:32: D3D9: Vertex texture format supported - PF_FLOAT16_RGB
15:56:32: D3D9: Vertex texture format supported - PF_FLOAT16_RGBA
15:56:32: D3D9: Vertex texture format supported - PF_FLOAT32_RGB
15:56:32: D3D9: Vertex texture format supported - PF_FLOAT32_RGBA
15:56:32: D3D9: Vertex texture format supported - PF_R8G8B8A8
15:56:32: D3D9: Vertex texture format supported - PF_DEPTH
15:56:32: D3D9: Vertex texture format supported - PF_FLOAT16_R
15:56:32: D3D9: Vertex texture format supported - PF_FLOAT32_R
15:56:32: D3D9: Vertex texture format supported - PF_FLOAT16_GR
15:56:32: D3D9: Vertex texture format supported - PF_FLOAT32_GR
15:56:32: D3D9: Vertex texture format supported - PF_PVRTC_RGB2
15:56:32: D3D9: Vertex texture format supported - PF_PVRTC_RGBA2
15:56:32: D3D9: Vertex texture format supported - PF_PVRTC_RGB4
15:56:32: D3D9: Vertex texture format supported - PF_PVRTC_RGBA4
15:56:32: RenderSystem capabilities
15:56:32: -------------------------
15:56:32: RenderSystem Name: Direct3D9 Rendering Subsystem
15:56:32: GPU Vendor: nvidia
15:56:32: Device Name: Monitor-1-NVIDIA GeForce GTX 650 Ti BOOST
15:56:32: Driver Version: 9.18.13.2057
15:56:32:  * Fixed function pipeline: yes
15:56:32:  * Hardware generation of mipmaps: yes
15:56:32:  * Texture blending: yes
15:56:32:  * Anisotropic texture filtering: yes
15:56:32:  * Dot product texture operation: yes
15:56:32:  * Cube mapping: yes
15:56:32:  * Hardware stencil buffer: yes
15:56:32:    - Stencil depth: 8
15:56:32:    - Two sided stencil support: yes
15:56:32:    - Wrap stencil values: yes
15:56:32:  * Hardware vertex / index buffers: yes
15:56:32:  * Vertex programs: yes
15:56:32:  * Number of floating-point constants for vertex programs: 256
15:56:32:  * Number of integer constants for vertex programs: 16
15:56:32:  * Number of boolean constants for vertex programs: 16
15:56:32:  * Fragment programs: yes
15:56:32:  * Number of floating-point constants for fragment programs: 224
15:56:32:  * Number of integer constants for fragment programs: 16
15:56:32:  * Number of boolean constants for fragment programs: 16
15:56:32:  * Geometry programs: no
15:56:32:  * Number of floating-point constants for geometry programs: 0
15:56:32:  * Number of integer constants for geometry programs: 0
15:56:32:  * Number of boolean constants for geometry programs: 0
15:56:32:  * Supported Shader Profiles: hlsl ps_1_1 ps_1_2 ps_1_3 ps_1_4 ps_2_0 ps_2_a ps_2_b ps_2_x ps_3_0 vs_1_1 vs_2_0 vs_2_a vs_2_x vs_3_0
15:56:32:  * Texture Compression: yes
15:56:32:    - DXT: yes
15:56:32:    - VTC: no
15:56:32:    - PVRTC: no
15:56:32:  * Scissor Rectangle: yes
15:56:32:  * Hardware Occlusion Query: yes
15:56:32:  * User clip planes: yes
15:56:32:  * VET_UBYTE4 vertex element type: yes
15:56:32:  * Infinite far plane projection: yes
15:56:32:  * Hardware render-to-texture: yes
15:56:32:  * Floating point textures: yes
15:56:32:  * Non-power-of-two textures: yes
15:56:32:  * Volume textures: yes
15:56:32:  * Multiple Render Targets: 4
15:56:32:    - With different bit depths: yes
15:56:32:  * Point Sprites: yes
15:56:32:  * Extended point parameters: yes
15:56:32:  * Max Point Size: 10
15:56:32:  * Vertex texture fetch: yes
15:56:32:  * Number of world matrices: 0
15:56:32:  * Number of texture units: 8
15:56:32:  * Stencil buffer depth: 8
15:56:32:  * Number of vertex blend matrices: 0
15:56:32:    - Max vertex textures: 4
15:56:32:    - Vertex textures shared: no
15:56:32:  * Render to Vertex Buffer : no
15:56:32:  * DirectX per stage constants: yes
15:56:32: ***************************************
15:56:32: *** D3D9 : Subsystem Initialised OK ***
15:56:32: ***************************************
15:56:32: DefaultWorkQueue('Root') initialising on thread 00505EC8.
15:56:32: DefaultWorkQueue('Root')::WorkerFunc - thread 00510250 starting.
15:56:32: DefaultWorkQueue('Root')::WorkerFunc - thread 00510280 starting.
15:56:32: DefaultWorkQueue('Root')::WorkerFunc - thread 005102B0 starting.
15:56:32: DefaultWorkQueue('Root')::WorkerFunc - thread 005102E0 starting.
15:56:32: Particle Renderer Type 'billboard' registered
15:56:32: Creating resource group Bootstrap
15:56:32: Added resource location 'Media/packs/OgreCore.zip' of type 'Zip' to resource group 'Bootstrap'
15:56:32: Added resource location 'Media' of type 'FileSystem' to resource group 'General'
15:56:32: Added resource location 'Media/compositor' of type 'FileSystem' to resource group 'General'
15:56:32: Creating resource group Normal
15:56:32: Added resource location 'Media/compositor/Normal' of type 'FileSystem' to resource group 'Normal'
15:56:32: Creating resource group Pixelate
15:56:32: Added resource location 'Media/compositor/Pixelate' of type 'FileSystem' to resource group 'Pixelate'
15:56:32: Creating resource group SS13
15:56:32: Added resource location 'Media/ss13models/player' of type 'FileSystem' to resource group 'SS13'
15:56:32: Parsing scripts for resource group Autodetect
15:56:32: Finished parsing scripts for resource group Autodetect
15:56:32: Parsing scripts for resource group Bootstrap
15:56:32: Parsing script OgreCore.material
15:56:32: Parsing script OgreProfiler.material
15:56:32: Parsing script Ogre.fontdef
15:56:32: Parsing script OgreDebugPanel.overlay
15:56:32: Texture: New_Ogre_Border_Center.png: Loading 1 faces(PF_A8R8G8B8,256x128x1) with  hardware generated mipmaps from Image. Internal format is PF_A8R8G8B8,256x128x1.
15:56:32: Texture: New_Ogre_Border.png: Loading 1 faces(PF_A8R8G8B8,256x256x1) with  hardware generated mipmaps from Image. Internal format is PF_A8R8G8B8,256x256x1.
15:56:32: Texture: New_Ogre_Border_Break.png: Loading 1 faces(PF_A8R8G8B8,32x32x1) with  hardware generated mipmaps from Image. Internal format is PF_A8R8G8B8,32x32x1.
15:56:32: Texture: ogretext.png: Loading 1 faces(PF_A8R8G8B8,256x128x1) with  hardware generated mipmaps from Image. Internal format is PF_A8R8G8B8,256x128x1.
15:56:32: Parsing script OgreLoadingPanel.overlay
15:56:32: Finished parsing scripts for resource group Bootstrap
15:56:32: Parsing scripts for resource group General
15:56:32: Finished parsing scripts for resource group General
15:56:32: Parsing scripts for resource group Internal
15:56:32: Finished parsing scripts for resource group Internal
15:56:32: Parsing scripts for resource group Normal
15:56:32: Parsing script normal.material
15:56:32: Parsing script normal.compositor
15:56:32: Finished parsing scripts for resource group Normal
15:56:32: Parsing scripts for resource group Pixelate
15:56:32: Parsing script StdQuad_vp.program
15:56:32: Parsing script blend.material
15:56:32: Parsing script EdgeDetect.material
15:56:32: Parsing script ImageBlur.material
15:56:32: Parsing script ImageSharpen.material
15:56:32: Parsing script output.material
15:56:32: Parsing script Pixelate.material
15:56:32: Parsing script EdgeDetect.compositor
15:56:32: Parsing script pixelate.compositor
15:56:32: Finished parsing scripts for resource group Pixelate
15:56:32: Parsing scripts for resource group SS13
15:56:32: Parsing script player.material
15:56:32: Parsing script player_jumpsuit.material
15:56:32: Parsing script player_jumpsuit_gray.material
15:56:32: Parsing script player_jumpsuit_security.material
15:56:32: Parsing script toolbox.material
15:56:32: Parsing script transparent.material
15:56:32: Parsing script Untitled.material
15:56:32: Finished parsing scripts for resource group SS13
15:56:32: Font BlueHighwayusing texture size 512x512
15:56:32: Info: Freetype returned null for character 127 in font BlueHighway
15:56:32: Info: Freetype returned null for character 128 in font BlueHighway
15:56:32: Info: Freetype returned null for character 129 in font BlueHighway
15:56:32: Info: Freetype returned null for character 130 in font BlueHighway
15:56:32: Info: Freetype returned null for character 131 in font BlueHighway
15:56:32: Info: Freetype returned null for character 132 in font BlueHighway
15:56:32: Info: Freetype returned null for character 133 in font BlueHighway
15:56:32: Info: Freetype returned null for character 134 in font BlueHighway
15:56:32: Info: Freetype returned null for character 135 in font BlueHighway
15:56:32: Info: Freetype returned null for character 136 in font BlueHighway
15:56:32: Info: Freetype returned null for character 137 in font BlueHighway
15:56:32: Info: Freetype returned null for character 138 in font BlueHighway
15:56:32: Info: Freetype returned null for character 139 in font BlueHighway
15:56:32: Info: Freetype returned null for character 140 in font BlueHighway
15:56:32: Info: Freetype returned null for character 141 in font BlueHighway
15:56:32: Info: Freetype returned null for character 142 in font BlueHighway
15:56:32: Info: Freetype returned null for character 143 in font BlueHighway
15:56:32: Info: Freetype returned null for character 144 in font BlueHighway
15:56:32: Info: Freetype returned null for character 145 in font BlueHighway
15:56:32: Info: Freetype returned null for character 146 in font BlueHighway
15:56:32: Info: Freetype returned null for character 147 in font BlueHighway
15:56:32: Info: Freetype returned null for character 148 in font BlueHighway
15:56:32: Info: Freetype returned null for character 149 in font BlueHighway
15:56:32: Info: Freetype returned null for character 150 in font BlueHighway
15:56:32: Info: Freetype returned null for character 151 in font BlueHighway
15:56:32: Info: Freetype returned null for character 152 in font BlueHighway
15:56:32: Info: Freetype returned null for character 153 in font BlueHighway
15:56:32: Info: Freetype returned null for character 154 in font BlueHighway
15:56:32: Info: Freetype returned null for character 155 in font BlueHighway
15:56:32: Info: Freetype returned null for character 156 in font BlueHighway
15:56:32: Info: Freetype returned null for character 157 in font BlueHighway
15:56:32: Info: Freetype returned null for character 158 in font BlueHighway
15:56:32: Info: Freetype returned null for character 159 in font BlueHighway
15:56:32: Info: Freetype returned null for character 160 in font BlueHighway
15:56:32: Texture: BlueHighwayTexture: Loading 1 faces(PF_BYTE_LA,512x512x1) with 0 generated mipmaps from Image. Internal format is PF_BYTE_LA,512x512x1.
15:56:32: Mesh: Loading player.mesh.
15:56:32: Skeleton: Loading player.skeleton
15:56:32: Texture: UV_underwear.png: Loading 1 faces(PF_R8G8B8,2048x2048x1) with  hardware generated mipmaps from Image. Internal format is PF_X8R8G8B8,2048x2048x1.
15:56:32: Mesh: Loading toolbox.mesh.
15:56:41: Texture: UV_jumpsuit2.png: Loading 1 faces(PF_A8R8G8B8,2048x2048x1) with  hardware generated mipmaps from Image. Internal format is PF_A8R8G8B8,2048x2048x1.
15:56:55: Texture: jumpsuit_gray.png: Loading 1 faces(PF_A8R8G8B8,2048x2048x1) with  hardware generated mipmaps from Image. Internal format is PF_A8R8G8B8,2048x2048x1.
15:57:05: Texture: UV_jumpsuit_security.png: Loading 1 faces(PF_A8R8G8B8,2048x2048x1) with  hardware generated mipmaps from Image. Internal format is PF_A8R8G8B8,2048x2048x1.
15:57:20: DefaultWorkQueue('Root') shutting down on thread 00505EC8.
15:57:20: DefaultWorkQueue('Root')::WorkerFunc - thread 005102B0 stopped.
15:57:20: DefaultWorkQueue('Root')::WorkerFunc - thread 005102E0 stopped.
15:57:20: DefaultWorkQueue('Root')::WorkerFunc - thread 00510280 stopped.
15:57:20: DefaultWorkQueue('Root')::WorkerFunc - thread 00510250 stopped.
15:57:20: *-*-* OGRE Shutdown
